[0.018s] Invoking command in '/home/jelly/ros2_ws/build/moveit2_scripts': CMAKE_PREFIX_PATH=${CMAKE_PREFIX_PATH}:/home/jelly/ros2_ws/install/mycobot_real_moveit:/home/jelly/ros2_ws/install/mycobot_280:/home/jelly/ros2_ws/install/my_moveit2_package:/opt/ros/humble /usr/bin/cmake --build /home/jelly/ros2_ws/build/moveit2_scripts -- -j4 -l4
[0.105s] [35m[1mConsolidate compiler generated dependencies of target test_trajectory2[0m
[0.126s] [ 33%] Built target position_publisher
[0.132s] [ 66%] Built target test_trajectory
[0.146s] [ 83%] [32mBuilding CXX object CMakeFiles/test_trajectory2.dir/src/test_trajectory2.cpp.o[0m
[7.308s] [01m[K/home/jelly/ros2_ws/src/moveit2_scripts/src/test_trajectory2.cpp:[m[K In constructor â€˜[01m[KRobotController::RobotController()[m[Kâ€™:
[7.308s] [01m[K/home/jelly/ros2_ws/src/moveit2_scripts/src/test_trajectory2.cpp:18:60:[m[K [01;31m[Kerror: [m[Kreference to â€˜[01m[Kshared_from_this[m[Kâ€™ is ambiguous
[7.309s]    18 |   RobotController() : Node("robot_controller"), move_group([01;31m[Kshared_from_this[m[K(), "arm_group") {
[7.309s]       |                                                            [01;31m[K^~~~~~~~~~~~~~~~[m[K
[7.309s] In file included from [01m[K/usr/include/c++/11/memory:77[m[K,
[7.309s]                  from [01m[K/opt/ros/humble/include/rclcpp/rclcpp/rclcpp.hpp:153[m[K,
[7.309s]                  from [01m[K/home/jelly/ros2_ws/src/moveit2_scripts/src/test_trajectory2.cpp:1[m[K:
[7.309s] [01m[K/usr/include/c++/11/bits/shared_ptr.h:811:7:[m[K [01;36m[Knote: [m[Kcandidates are: â€˜[01m[Kstd::shared_ptr<const _Tp> std::enable_shared_from_this<_Tp>::shared_from_this() const [with _Tp = RobotController][m[Kâ€™
[7.309s]   811 |       [01;36m[Kshared_from_this[m[K() const
[7.310s]       |       [01;36m[K^~~~~~~~~~~~~~~~[m[K
[7.310s] [01m[K/usr/include/c++/11/bits/shared_ptr.h:807:7:[m[K [01;36m[Knote: [m[K                â€˜[01m[Kstd::shared_ptr<_Tp> std::enable_shared_from_this<_Tp>::shared_from_this() [with _Tp = RobotController][m[Kâ€™
[7.310s]   807 |       [01;36m[Kshared_from_this[m[K()
[7.310s]       |       [01;36m[K^~~~~~~~~~~~~~~~[m[K
[7.310s] [01m[K/usr/include/c++/11/bits/shared_ptr.h:811:7:[m[K [01;36m[Knote: [m[K                â€˜[01m[Kstd::shared_ptr<const _Tp> std::enable_shared_from_this<_Tp>::shared_from_this() const [with _Tp = rclcpp::Node][m[Kâ€™
[7.310s]   811 |       [01;36m[Kshared_from_this[m[K() const
[7.310s]       |       [01;36m[K^~~~~~~~~~~~~~~~[m[K
[7.310s] [01m[K/usr/include/c++/11/bits/shared_ptr.h:807:7:[m[K [01;36m[Knote: [m[K                â€˜[01m[Kstd::shared_ptr<_Tp> std::enable_shared_from_this<_Tp>::shared_from_this() [with _Tp = rclcpp::Node][m[Kâ€™
[7.310s]   807 |       [01;36m[Kshared_from_this[m[K()
[7.310s]       |       [01;36m[K^~~~~~~~~~~~~~~~[m[K
[7.326s] [01m[K/home/jelly/ros2_ws/src/moveit2_scripts/src/test_trajectory2.cpp:[m[K In member function â€˜[01m[Kvoid RobotController::positionCallback(std_msgs::msg::String_<std::allocator<void> >::SharedPtr) const[m[Kâ€™:
[7.326s] [01m[K/home/jelly/ros2_ws/src/moveit2_scripts/src/test_trajectory2.cpp:39:21:[m[K [01;31m[Kerror: [m[Kpassing â€˜[01m[Kconst RobotController[m[Kâ€™ as â€˜[01m[Kthis[m[Kâ€™ argument discards qualifiers [[01;31m[K]8;;https://gcc.gnu.org/onlinedocs/gcc/Warning-Options.html#index-fpermissive-fpermissive]8;;[m[K]
[7.326s]    39 |       [01;31m[KmoveToPosition(position)[m[K;
[7.326s]       |       [01;31m[K~~~~~~~~~~~~~~^~~~~~~~~~[m[K
[7.327s] [01m[K/home/jelly/ros2_ws/src/moveit2_scripts/src/test_trajectory2.cpp:23:8:[m[K [01;36m[Knote: [m[K  in call to â€˜[01m[Kvoid RobotController::moveToPosition(const std::vector<float>&)[m[Kâ€™
[7.327s]    23 |   void [01;36m[KmoveToPosition[m[K(const std::vector<float>& position) {
[7.327s]       |        [01;36m[K^~~~~~~~~~~~~~[m[K
[13.777s] gmake[2]: *** [CMakeFiles/test_trajectory2.dir/build.make:76: CMakeFiles/test_trajectory2.dir/src/test_trajectory2.cpp.o] Error 1
[13.778s] gmake[1]: *** [CMakeFiles/Makefile2:167: CMakeFiles/test_trajectory2.dir/all] Error 2
[13.779s] gmake: *** [Makefile:146: all] Error 2
[13.781s] Invoked command in '/home/jelly/ros2_ws/build/moveit2_scripts' returned '2': CMAKE_PREFIX_PATH=${CMAKE_PREFIX_PATH}:/home/jelly/ros2_ws/install/mycobot_real_moveit:/home/jelly/ros2_ws/install/mycobot_280:/home/jelly/ros2_ws/install/my_moveit2_package:/opt/ros/humble /usr/bin/cmake --build /home/jelly/ros2_ws/build/moveit2_scripts -- -j4 -l4
