[0.076s] Invoking command in '/home/coleman/ros2_ws/build/mycobot_moveit_config': /usr/bin/cmake --build /home/coleman/ros2_ws/build/mycobot_moveit_config -- -j16 -l16
[0.170s] -- Found ament_cmake: 1.3.9 (/opt/ros/humble/share/ament_cmake/cmake)
[0.879s] Error parsing '/home/coleman/ros2_ws/src/mycobot_ros2/mycobot_moveit_config/package.xml':
[0.879s] Traceback (most recent call last):
[0.880s]   File "/opt/ros/humble/share/ament_cmake_core/cmake/core/package_xml_2_cmake.py", line 150, in <module>
[0.883s]     main()
[0.885s]   File "/opt/ros/humble/share/ament_cmake_core/cmake/core/package_xml_2_cmake.py", line 53, in main
[0.885s]     raise e
[0.886s]   File "/opt/ros/humble/share/ament_cmake_core/cmake/core/package_xml_2_cmake.py", line 49, in main
[0.886s]     package = parse_package_string(
[0.887s]   File "/home/coleman/.local/lib/python3.10/site-packages/catkin_pkg/package.py", line 788, in parse_package_string
[0.887s]     pkg.validate(warnings=warnings)
[0.889s]   File "/home/coleman/.local/lib/python3.10/site-packages/catkin_pkg/package.py", line 330, in validate
[0.889s]     raise InvalidPackage('\n'.join(errors), self.filename)
[0.889s] catkin_pkg.package.InvalidPackage: Error(s) in package '/home/coleman/ros2_ws/src/mycobot_ros2/mycobot_moveit_config/package.xml':
[0.890s] Invalid email "" for person ""
[0.890s] Maintainers must have an email address
[0.890s] Invalid email "" for person ""
[0.902s] [31mCMake Error at /opt/ros/humble/share/ament_cmake_core/cmake/core/ament_package_xml.cmake:95 (message):
[0.902s]   execute_process(/usr/bin/python3
[0.903s]   /opt/ros/humble/share/ament_cmake_core/cmake/core/package_xml_2_cmake.py
[0.904s]   /home/coleman/ros2_ws/src/mycobot_ros2/mycobot_moveit_config/package.xml
[0.905s]   /home/coleman/ros2_ws/build/mycobot_moveit_config/ament_cmake_core/package.cmake)
[0.906s]   returned error code 1
[0.906s] Call Stack (most recent call first):
[0.907s]   /opt/ros/humble/share/ament_cmake_core/cmake/core/ament_package_xml.cmake:49 (_ament_package_xml)
[0.908s]   /opt/ros/humble/share/ament_cmake_core/cmake/core/ament_package.cmake:63 (ament_package_xml)
[0.908s]   CMakeLists.txt:6 (ament_package)
[0.909s] 
[0.910s] [0m
[0.912s] -- Configuring incomplete, errors occurred!
[0.917s] See also "/home/coleman/ros2_ws/build/mycobot_moveit_config/CMakeFiles/CMakeOutput.log".
[0.917s] gmake: *** [Makefile:226: cmake_check_build_system] Error 1
[0.934s] Invoked command in '/home/coleman/ros2_ws/build/mycobot_moveit_config' returned '2': /usr/bin/cmake --build /home/coleman/ros2_ws/build/mycobot_moveit_config -- -j16 -l16
