[01m[K/home/jelly/ros2_ws/src/moveit2_scripts/src/test_trajectory2.cpp:40:4:[m[K [01;31m[Kerror: [m[Kinvalid preprocessing directive #target_pose1
   40 |   #[01;31m[Ktarget_pose1[m[K.orientation.x = 0.0;
      |    [01;31m[K^~~~~~~~~~~~[m[K
[01m[K/home/jelly/ros2_ws/src/moveit2_scripts/src/test_trajectory2.cpp:[m[K In function â€˜[01m[Kint main(int, char**)[m[Kâ€™:
[01m[K/home/jelly/ros2_ws/src/moveit2_scripts/src/test_trajectory2.cpp:25:40:[m[K [01;35m[Kwarning: [m[Kunused variable â€˜[01m[Kjoint_model_group[m[Kâ€™ [[01;35m[K]8;;https://gcc.gnu.org/onlinedocs/gcc/Warning-Options.html#index-Wunused-variable-Wunused-variable]8;;[m[K]
   25 |   const moveit::core::JointModelGroup *[01;35m[Kjoint_model_group[m[K =
      |                                        [01;35m[K^~~~~~~~~~~~~~~~~[m[K
[01m[K/home/jelly/ros2_ws/src/moveit2_scripts/src/test_trajectory2.cpp:51:8:[m[K [01;35m[Kwarning: [m[Kunused variable â€˜[01m[Ksuccess[m[Kâ€™ [[01;35m[K]8;;https://gcc.gnu.org/onlinedocs/gcc/Warning-Options.html#index-Wunused-variable-Wunused-variable]8;;[m[K]
   51 |   bool [01;35m[Ksuccess[m[K =
      |        [01;35m[K^~~~~~~[m[K
gmake[2]: *** [CMakeFiles/test_trajectory2.dir/build.make:76: CMakeFiles/test_trajectory2.dir/src/test_trajectory2.cpp.o] Error 1
gmake[1]: *** [CMakeFiles/Makefile2:169: CMakeFiles/test_trajectory2.dir/all] Error 2
gmake: *** [Makefile:146: all] Error 2
