[35m[1mConsolidate compiler generated dependencies of target test_trajectory2[0m
[ 33%] Built target position_publisher
[ 50%] [32mBuilding CXX object CMakeFiles/test_trajectory2.dir/src/test_trajectory2.cpp.o[0m
[ 83%] Built target test_trajectory
[01m[K/home/jelly/ros2_ws/src/moveit2_scripts/src/test_trajectory2.cpp:[m[K In member function â€˜[01m[Kvoid RobotController::initialize()[m[Kâ€™:
[01m[K/home/jelly/ros2_ws/src/moveit2_scripts/src/test_trajectory2.cpp:25:34:[m[K [01;31m[Kerror: [m[Krequest for member â€˜[01m[Kshared_from_this[m[Kâ€™ is ambiguous
   25 |     auto move_group_node = this->[01;31m[Kshared_from_this[m[K();
      |                                  [01;31m[K^~~~~~~~~~~~~~~~[m[K
In file included from [01m[K/usr/include/c++/11/memory:77[m[K,
                 from [01m[K/opt/ros/humble/include/rclcpp/rclcpp/rclcpp.hpp:153[m[K,
                 from [01m[K/home/jelly/ros2_ws/src/moveit2_scripts/src/test_trajectory2.cpp:1[m[K:
[01m[K/usr/include/c++/11/bits/shared_ptr.h:811:7:[m[K [01;36m[Knote: [m[Kcandidates are: â€˜[01m[Kstd::shared_ptr<const _Tp> std::enable_shared_from_this<_Tp>::shared_from_this() const [with _Tp = RobotController][m[Kâ€™
  811 |       [01;36m[Kshared_from_this[m[K() const
      |       [01;36m[K^~~~~~~~~~~~~~~~[m[K
[01m[K/usr/include/c++/11/bits/shared_ptr.h:807:7:[m[K [01;36m[Knote: [m[K                â€˜[01m[Kstd::shared_ptr<_Tp> std::enable_shared_from_this<_Tp>::shared_from_this() [with _Tp = RobotController][m[Kâ€™
  807 |       [01;36m[Kshared_from_this[m[K()
      |       [01;36m[K^~~~~~~~~~~~~~~~[m[K
[01m[K/usr/include/c++/11/bits/shared_ptr.h:811:7:[m[K [01;36m[Knote: [m[K                â€˜[01m[Kstd::shared_ptr<const _Tp> std::enable_shared_from_this<_Tp>::shared_from_this() const [with _Tp = rclcpp::Node][m[Kâ€™
  811 |       [01;36m[Kshared_from_this[m[K() const
      |       [01;36m[K^~~~~~~~~~~~~~~~[m[K
[01m[K/usr/include/c++/11/bits/shared_ptr.h:807:7:[m[K [01;36m[Knote: [m[K                â€˜[01m[Kstd::shared_ptr<_Tp> std::enable_shared_from_this<_Tp>::shared_from_this() [with _Tp = rclcpp::Node][m[Kâ€™
  807 |       [01;36m[Kshared_from_this[m[K()
      |       [01;36m[K^~~~~~~~~~~~~~~~[m[K
gmake[2]: *** [CMakeFiles/test_trajectory2.dir/build.make:76: CMakeFiles/test_trajectory2.dir/src/test_trajectory2.cpp.o] Error 1
gmake[1]: *** [CMakeFiles/Makefile2:167: CMakeFiles/test_trajectory2.dir/all] Error 2
gmake: *** [Makefile:146: all] Error 2
