-- Found ament_cmake: 1.3.9 (/opt/ros/humble/share/ament_cmake/cmake)
-- Found Python3: /usr/bin/python3 (found version "3.10.12") found components: Interpreter 
-- Found Boost: /usr/lib/x86_64-linux-gnu/cmake/Boost-1.74.0/BoostConfig.cmake (found version "1.74.0")  
-- Configuring done
-- Generating done
-- Build files have been written to: /home/jelly/ros2_ws/build/motion_planning_api
[ 50%] [32mBuilding CXX object CMakeFiles/motion_planning_api_tutorial.dir/src/motion_planning_api_tutorial.cpp.o[0m
[01m[K/home/jelly/ros2_ws/src/motion_planning_api/src/motion_planning_api_tutorial.cpp:37:10:[m[K [01;31m[Kfatal error: [m[Kpluginlib/class_loader.hpp: No such file or directory
   37 | #include [01;31m[K<pluginlib/class_loader.hpp>[m[K
      |          [01;31m[K^~~~~~~~~~~~~~~~~~~~~~~~~~~~[m[K
compilation terminated.
gmake[2]: *** [CMakeFiles/motion_planning_api_tutorial.dir/build.make:76: CMakeFiles/motion_planning_api_tutorial.dir/src/motion_planning_api_tutorial.cpp.o] Error 1
gmake[1]: *** [CMakeFiles/Makefile2:85: CMakeFiles/motion_planning_api_tutorial.dir/all] Error 2
gmake: *** [Makefile:146: all] Error 2
