[0.077s] Invoking command in '/home/jelly/ros2_ws/build/moveit2_scripts': CMAKE_PREFIX_PATH=${CMAKE_PREFIX_PATH}:/home/jelly/ros2_ws/install/mycobot_real_moveit:/home/jelly/ros2_ws/install/mycobot_280:/home/jelly/ros2_ws/install/my_moveit2_package:/opt/ros/humble /usr/bin/cmake --build /home/jelly/ros2_ws/build/moveit2_scripts -- -j4 -l4
[0.315s] [35m[1mConsolidate compiler generated dependencies of target test_trajectory2[0m
[0.414s] [35m[1mConsolidate compiler generated dependencies of target test_trajectory[0m
[0.431s] [ 16%] [32mBuilding CXX object CMakeFiles/test_trajectory2.dir/src/test_trajectory2.cpp.o[0m
[0.481s] [ 50%] Built target position_publisher
[0.492s] [ 83%] Built target test_trajectory
[4.638s] [01m[K/home/jelly/ros2_ws/src/moveit2_scripts/src/test_trajectory2.cpp:68:3:[m[K [01;31m[Kerror: [m[Kâ€˜[01m[Kmoveit[m[Kâ€™ does not name a type; did you mean â€˜[01m[Kmode_t[m[Kâ€™?
[4.638s]    68 |   [01;31m[Kmoveit[m[K::planning_interface::MoveGroupInterface move_group(move_group_node,
[4.638s]       |   [01;31m[K^~~~~~[m[K
[4.638s]       |   [32m[Kmode_t[m[K
[4.638s] [01m[K/home/jelly/ros2_ws/src/moveit2_scripts/src/test_trajectory2.cpp:[m[K In constructor â€˜[01m[KPositionListener::PositionListener()[m[Kâ€™:
[4.638s] [01m[K/home/jelly/ros2_ws/src/moveit2_scripts/src/test_trajectory2.cpp:10:51:[m[K [01;31m[Kerror: [m[Kclass â€˜[01m[KPositionListener[m[Kâ€™ does not have any field named â€˜[01m[Kmove_group[m[Kâ€™
[4.638s]    10 |   PositionListener() : Node("position_listener"), [01;31m[Kmove_group[m[K("arm_group") {
[4.639s]       |                                                   [01;31m[K^~~~~~~~~~[m[K
[4.655s] [01m[K/home/jelly/ros2_ws/src/moveit2_scripts/src/test_trajectory2.cpp:[m[K In member function â€˜[01m[Kvoid PositionListener::positionCallback(std_msgs::msg::String_<std::allocator<void> >::SharedPtr) const[m[Kâ€™:
[4.655s] [01m[K/home/jelly/ros2_ws/src/moveit2_scripts/src/test_trajectory2.cpp:24:3:[m[K [01;31m[Kerror: [m[Kâ€˜[01m[Kgeometry_msgs[m[Kâ€™ has not been declared
[4.655s]    24 |   [01;31m[Kgeometry_msgs[m[K::msg::Pose target_pose;
[4.655s]       |   [01;31m[K^~~~~~~~~~~~~[m[K
[4.665s] [01m[K/home/jelly/ros2_ws/src/moveit2_scripts/src/test_trajectory2.cpp:25:3:[m[K [01;31m[Kerror: [m[Kâ€˜[01m[Ktarget_pose1[m[Kâ€™ was not declared in this scope
[4.665s]    25 |   [01;31m[Ktarget_pose1[m[K.orientation.x = -0.2128;
[4.665s]       |   [01;31m[K^~~~~~~~~~~~[m[K
[4.673s] [01m[K/home/jelly/ros2_ws/src/moveit2_scripts/src/test_trajectory2.cpp:32:3:[m[K [01;31m[Kerror: [m[Kâ€˜[01m[Kmove_group[m[Kâ€™ was not declared in this scope
[4.673s]    32 |   [01;31m[Kmove_group[m[K.setPoseTarget(target_pose1);
[4.673s]       |   [01;31m[K^~~~~~~~~~[m[K
[4.674s] [01m[K/home/jelly/ros2_ws/src/moveit2_scripts/src/test_trajectory2.cpp:34:3:[m[K [01;31m[Kerror: [m[Kâ€˜[01m[Kmoveit[m[Kâ€™ has not been declared
[4.674s]    34 |   [01;31m[Kmoveit[m[K::planning_interface::MoveGroupInterface::Plan my_plan;
[4.674s]       |   [01;31m[K^~~~~~[m[K
[4.680s] [01m[K/home/jelly/ros2_ws/src/moveit2_scripts/src/test_trajectory2.cpp:37:24:[m[K [01;31m[Kerror: [m[Kâ€˜[01m[Kmy_plan[m[Kâ€™ was not declared in this scope
[4.680s]    37 |       (move_group.plan([01;31m[Kmy_plan[m[K) == moveit::core::MoveItErrorCode::SUCCESS);
[4.681s]       |                        [01;31m[K^~~~~~~[m[K
[4.681s] [01m[K/home/jelly/ros2_ws/src/moveit2_scripts/src/test_trajectory2.cpp:37:36:[m[K [01;31m[Kerror: [m[Kâ€˜[01m[Kmoveit[m[Kâ€™ has not been declared
[4.681s]    37 |       (move_group.plan(my_plan) == [01;31m[Kmoveit[m[K::core::MoveItErrorCode::SUCCESS);
[4.681s]       |                                    [01;31m[K^~~~~~[m[K
[4.687s] In file included from [01m[K/opt/ros/humble/include/rclcpp/rclcpp/client.hpp:40[m[K,
[4.688s]                  from [01m[K/opt/ros/humble/include/rclcpp/rclcpp/callback_group.hpp:24[m[K,
[4.688s]                  from [01m[K/opt/ros/humble/include/rclcpp/rclcpp/any_executable.hpp:20[m[K,
[4.688s]                  from [01m[K/opt/ros/humble/include/rclcpp/rclcpp/memory_strategy.hpp:25[m[K,
[4.688s]                  from [01m[K/opt/ros/humble/include/rclcpp/rclcpp/memory_strategies.hpp:18[m[K,
[4.688s]                  from [01m[K/opt/ros/humble/include/rclcpp/rclcpp/executor_options.hpp:20[m[K,
[4.688s]                  from [01m[K/opt/ros/humble/include/rclcpp/rclcpp/executor.hpp:37[m[K,
[4.688s]                  from [01m[K/opt/ros/humble/include/rclcpp/rclcpp/executors/multi_threaded_executor.hpp:25[m[K,
[4.689s]                  from [01m[K/opt/ros/humble/include/rclcpp/rclcpp/executors.hpp:21[m[K,
[4.689s]                  from [01m[K/opt/ros/humble/include/rclcpp/rclcpp/rclcpp.hpp:155[m[K,
[4.689s]                  from [01m[K/home/jelly/ros2_ws/src/moveit2_scripts/src/test_trajectory2.cpp:1[m[K:
[4.689s] [01m[K/home/jelly/ros2_ws/src/moveit2_scripts/src/test_trajectory2.cpp:39:15:[m[K [01;31m[Kerror: [m[Kâ€˜[01m[KLOGGER[m[Kâ€™ was not declared in this scope
[4.689s]    39 |   RCLCPP_INFO([01;31m[KLOGGER[m[K, "Going to Position 2");
[4.689s]       |               [01;31m[K^~~~~~[m[K
[4.689s] [01m[K/home/jelly/ros2_ws/src/moveit2_scripts/src/test_trajectory2.cpp:39:3:[m[K [01;31m[Kerror: [m[Ktemplate argument 1 is invalid
[4.689s]    39 |   [01;31m[KRCLCPP_INFO[m[K(LOGGER, "Going to Position 2");
[4.689s]       |   [01;31m[K^~~~~~~~~~~[m[K
[4.689s] [01m[K/home/jelly/ros2_ws/src/moveit2_scripts/src/test_trajectory2.cpp:39:3:[m[K [01;31m[Kerror: [m[Ktemplate argument 1 is invalid
[4.689s]    39 |   [01;31m[KRCLCPP_INFO[m[K(LOGGER, "Going to Position 2");
[4.689s]       |   [01;31m[K^~~~~~~~~~~[m[K
[4.690s] [01m[K/home/jelly/ros2_ws/src/moveit2_scripts/src/test_trajectory2.cpp:39:3:[m[K [01;31m[Kerror: [m[Ktemplate argument 1 is invalid
[4.690s]    39 |   [01;31m[KRCLCPP_INFO[m[K(LOGGER, "Going to Position 2");
[4.690s]       |   [01;31m[K^~~~~~~~~~~[m[K
[4.690s] [01m[K/home/jelly/ros2_ws/src/moveit2_scripts/src/test_trajectory2.cpp:36:8:[m[K [01;35m[Kwarning: [m[Kunused variable â€˜[01m[Ksuccess[m[Kâ€™ [[01;35m[K]8;;https://gcc.gnu.org/onlinedocs/gcc/Warning-Options.html#index-Wunused-variable-Wunused-variable]8;;[m[K]
[4.690s]    36 |   bool [01;35m[Ksuccess[m[K =
[4.690s]       |        [01;35m[K^~~~~~~[m[K
[4.695s] [01m[K/home/jelly/ros2_ws/src/moveit2_scripts/src/test_trajectory2.cpp:[m[K In function â€˜[01m[Kint main(int, char**)[m[Kâ€™:
[4.695s] [01m[K/home/jelly/ros2_ws/src/moveit2_scripts/src/test_trajectory2.cpp:85:9:[m[K [01;31m[Kerror: [m[Kâ€˜[01m[Kmoveit[m[Kâ€™ does not name a type; did you mean â€˜[01m[Kmode_t[m[Kâ€™?
[4.695s]    85 |   const [01;31m[Kmoveit[m[K::core::JointModelGroup *joint_model_group =
[4.695s]       |         [01;31m[K^~~~~~[m[K
[4.696s]       |         [32m[Kmode_t[m[K
[4.700s] In file included from [01m[K/opt/ros/humble/include/rclcpp/rclcpp/client.hpp:40[m[K,
[4.700s]                  from [01m[K/opt/ros/humble/include/rclcpp/rclcpp/callback_group.hpp:24[m[K,
[4.700s]                  from [01m[K/opt/ros/humble/include/rclcpp/rclcpp/any_executable.hpp:20[m[K,
[4.700s]                  from [01m[K/opt/ros/humble/include/rclcpp/rclcpp/memory_strategy.hpp:25[m[K,
[4.700s]                  from [01m[K/opt/ros/humble/include/rclcpp/rclcpp/memory_strategies.hpp:18[m[K,
[4.700s]                  from [01m[K/opt/ros/humble/include/rclcpp/rclcpp/executor_options.hpp:20[m[K,
[4.701s]                  from [01m[K/opt/ros/humble/include/rclcpp/rclcpp/executor.hpp:37[m[K,
[4.701s]                  from [01m[K/opt/ros/humble/include/rclcpp/rclcpp/executors/multi_threaded_executor.hpp:25[m[K,
[4.701s]                  from [01m[K/opt/ros/humble/include/rclcpp/rclcpp/executors.hpp:21[m[K,
[4.701s]                  from [01m[K/opt/ros/humble/include/rclcpp/rclcpp/rclcpp.hpp:155[m[K,
[4.701s]                  from [01m[K/home/jelly/ros2_ws/src/moveit2_scripts/src/test_trajectory2.cpp:1[m[K:
[4.701s] [01m[K/home/jelly/ros2_ws/src/moveit2_scripts/src/test_trajectory2.cpp:88:15:[m[K [01;31m[Kerror: [m[Kâ€˜[01m[KLOGGER[m[Kâ€™ was not declared in this scope
[4.701s]    88 |   RCLCPP_INFO([01;31m[KLOGGER[m[K, "Planning frame: %s",
[4.701s]       |               [01;31m[K^~~~~~[m[K
[4.701s] [01m[K/home/jelly/ros2_ws/src/moveit2_scripts/src/test_trajectory2.cpp:88:3:[m[K [01;31m[Kerror: [m[Ktemplate argument 1 is invalid
[4.701s]    88 |   [01;31m[KRCLCPP_INFO[m[K(LOGGER, "Planning frame: %s",
[4.702s]       |   [01;31m[K^~~~~~~~~~~[m[K
[4.702s] [01m[K/home/jelly/ros2_ws/src/moveit2_scripts/src/test_trajectory2.cpp:88:3:[m[K [01;31m[Kerror: [m[Ktemplate argument 1 is invalid
[4.702s]    88 |   [01;31m[KRCLCPP_INFO[m[K(LOGGER, "Planning frame: %s",
[4.702s]       |   [01;31m[K^~~~~~~~~~~[m[K
[4.702s] [01m[K/home/jelly/ros2_ws/src/moveit2_scripts/src/test_trajectory2.cpp:88:3:[m[K [01;31m[Kerror: [m[Ktemplate argument 1 is invalid
[4.702s]    88 |   [01;31m[KRCLCPP_INFO[m[K(LOGGER, "Planning frame: %s",
[4.702s]       |   [01;31m[K^~~~~~~~~~~[m[K
[4.705s] In file included from [01m[K/opt/ros/humble/include/rclcpp/rclcpp/logging.hpp:24[m[K,
[4.705s]                  from [01m[K/opt/ros/humble/include/rclcpp/rclcpp/client.hpp:40[m[K,
[4.705s]                  from [01m[K/opt/ros/humble/include/rclcpp/rclcpp/callback_group.hpp:24[m[K,
[4.705s]                  from [01m[K/opt/ros/humble/include/rclcpp/rclcpp/any_executable.hpp:20[m[K,
[4.705s]                  from [01m[K/opt/ros/humble/include/rclcpp/rclcpp/memory_strategy.hpp:25[m[K,
[4.705s]                  from [01m[K/opt/ros/humble/include/rclcpp/rclcpp/memory_strategies.hpp:18[m[K,
[4.706s]                  from [01m[K/opt/ros/humble/include/rclcpp/rclcpp/executor_options.hpp:20[m[K,
[4.706s]                  from [01m[K/opt/ros/humble/include/rclcpp/rclcpp/executor.hpp:37[m[K,
[4.706s]                  from [01m[K/opt/ros/humble/include/rclcpp/rclcpp/executors/multi_threaded_executor.hpp:25[m[K,
[4.706s]                  from [01m[K/opt/ros/humble/include/rclcpp/rclcpp/executors.hpp:21[m[K,
[4.706s]                  from [01m[K/opt/ros/humble/include/rclcpp/rclcpp/rclcpp.hpp:155[m[K,
[4.706s]                  from [01m[K/home/jelly/ros2_ws/src/moveit2_scripts/src/test_trajectory2.cpp:1[m[K:
[4.706s] [01m[K/home/jelly/ros2_ws/src/moveit2_scripts/src/test_trajectory2.cpp:89:15:[m[K [01;31m[Kerror: [m[Kâ€˜[01m[Kmove_group[m[Kâ€™ was not declared in this scope; did you mean â€˜[01m[Kmove_group_node[m[Kâ€™?
[4.706s]    89 |               [01;31m[Kmove_group[m[K.getPlanningFrame().c_str());
[4.706s]       |               [01;31m[K^~~~~~~~~~[m[K
[4.709s] In file included from [01m[K/opt/ros/humble/include/rclcpp/rclcpp/client.hpp:40[m[K,
[4.709s]                  from [01m[K/opt/ros/humble/include/rclcpp/rclcpp/callback_group.hpp:24[m[K,
[4.709s]                  from [01m[K/opt/ros/humble/include/rclcpp/rclcpp/any_executable.hpp:20[m[K,
[4.709s]                  from [01m[K/opt/ros/humble/include/rclcpp/rclcpp/memory_strategy.hpp:25[m[K,
[4.709s]                  from [01m[K/opt/ros/humble/include/rclcpp/rclcpp/memory_strategies.hpp:18[m[K,
[4.710s]                  from [01m[K/opt/ros/humble/include/rclcpp/rclcpp/executor_options.hpp:20[m[K,
[4.710s]                  from [01m[K/opt/ros/humble/include/rclcpp/rclcpp/executor.hpp:37[m[K,
[4.710s]                  from [01m[K/opt/ros/humble/include/rclcpp/rclcpp/executors/multi_threaded_executor.hpp:25[m[K,
[4.710s]                  from [01m[K/opt/ros/humble/include/rclcpp/rclcpp/executors.hpp:21[m[K,
[4.710s]                  from [01m[K/opt/ros/humble/include/rclcpp/rclcpp/rclcpp.hpp:155[m[K,
[4.710s]                  from [01m[K/home/jelly/ros2_ws/src/moveit2_scripts/src/test_trajectory2.cpp:1[m[K:
[4.710s] [01m[K/home/jelly/ros2_ws/src/moveit2_scripts/src/test_trajectory2.cpp:91:15:[m[K [01;31m[Kerror: [m[Kâ€˜[01m[KLOGGER[m[Kâ€™ was not declared in this scope
[4.710s]    91 |   RCLCPP_INFO([01;31m[KLOGGER[m[K, "End effector link: %s",
[4.710s]       |               [01;31m[K^~~~~~[m[K
[4.710s] [01m[K/home/jelly/ros2_ws/src/moveit2_scripts/src/test_trajectory2.cpp:91:3:[m[K [01;31m[Kerror: [m[Ktemplate argument 1 is invalid
[4.711s]    91 |   [01;31m[KRCLCPP_INFO[m[K(LOGGER, "End effector link: %s",
[4.711s]       |   [01;31m[K^~~~~~~~~~~[m[K
[4.711s] [01m[K/home/jelly/ros2_ws/src/moveit2_scripts/src/test_trajectory2.cpp:91:3:[m[K [01;31m[Kerror: [m[Ktemplate argument 1 is invalid
[4.711s]    91 |   [01;31m[KRCLCPP_INFO[m[K(LOGGER, "End effector link: %s",
[4.711s]       |   [01;31m[K^~~~~~~~~~~[m[K
[4.711s] [01m[K/home/jelly/ros2_ws/src/moveit2_scripts/src/test_trajectory2.cpp:91:3:[m[K [01;31m[Kerror: [m[Ktemplate argument 1 is invalid
[4.711s]    91 |   [01;31m[KRCLCPP_INFO[m[K(LOGGER, "End effector link: %s",
[4.711s]       |   [01;31m[K^~~~~~~~~~~[m[K
[4.714s] In file included from [01m[K/opt/ros/humble/include/rclcpp/rclcpp/logging.hpp:24[m[K,
[4.715s]                  from [01m[K/opt/ros/humble/include/rclcpp/rclcpp/client.hpp:40[m[K,
[4.715s]                  from [01m[K/opt/ros/humble/include/rclcpp/rclcpp/callback_group.hpp:24[m[K,
[4.715s]                  from [01m[K/opt/ros/humble/include/rclcpp/rclcpp/any_executable.hpp:20[m[K,
[4.715s]                  from [01m[K/opt/ros/humble/include/rclcpp/rclcpp/memory_strategy.hpp:25[m[K,
[4.715s]                  from [01m[K/opt/ros/humble/include/rclcpp/rclcpp/memory_strategies.hpp:18[m[K,
[4.715s]                  from [01m[K/opt/ros/humble/include/rclcpp/rclcpp/executor_options.hpp:20[m[K,
[4.716s]                  from [01m[K/opt/ros/humble/include/rclcpp/rclcpp/executor.hpp:37[m[K,
[4.716s]                  from [01m[K/opt/ros/humble/include/rclcpp/rclcpp/executors/multi_threaded_executor.hpp:25[m[K,
[4.716s]                  from [01m[K/opt/ros/humble/include/rclcpp/rclcpp/executors.hpp:21[m[K,
[4.716s]                  from [01m[K/opt/ros/humble/include/rclcpp/rclcpp/rclcpp.hpp:155[m[K,
[4.716s]                  from [01m[K/home/jelly/ros2_ws/src/moveit2_scripts/src/test_trajectory2.cpp:1[m[K:
[4.716s] [01m[K/home/jelly/ros2_ws/src/moveit2_scripts/src/test_trajectory2.cpp:92:15:[m[K [01;31m[Kerror: [m[Kâ€˜[01m[Kmove_group[m[Kâ€™ was not declared in this scope; did you mean â€˜[01m[Kmove_group_node[m[Kâ€™?
[4.716s]    92 |               [01;31m[Kmove_group[m[K.getEndEffectorLink().c_str());
[4.716s]       |               [01;31m[K^~~~~~~~~~[m[K
[4.719s] In file included from [01m[K/opt/ros/humble/include/rclcpp/rclcpp/client.hpp:40[m[K,
[4.719s]                  from [01m[K/opt/ros/humble/include/rclcpp/rclcpp/callback_group.hpp:24[m[K,
[4.719s]                  from [01m[K/opt/ros/humble/include/rclcpp/rclcpp/any_executable.hpp:20[m[K,
[4.719s]                  from [01m[K/opt/ros/humble/include/rclcpp/rclcpp/memory_strategy.hpp:25[m[K,
[4.719s]                  from [01m[K/opt/ros/humble/include/rclcpp/rclcpp/memory_strategies.hpp:18[m[K,
[4.719s]                  from [01m[K/opt/ros/humble/include/rclcpp/rclcpp/executor_options.hpp:20[m[K,
[4.719s]                  from [01m[K/opt/ros/humble/include/rclcpp/rclcpp/executor.hpp:37[m[K,
[4.720s]                  from [01m[K/opt/ros/humble/include/rclcpp/rclcpp/executors/multi_threaded_executor.hpp:25[m[K,
[4.720s]                  from [01m[K/opt/ros/humble/include/rclcpp/rclcpp/executors.hpp:21[m[K,
[4.720s]                  from [01m[K/opt/ros/humble/include/rclcpp/rclcpp/rclcpp.hpp:155[m[K,
[4.720s]                  from [01m[K/home/jelly/ros2_ws/src/moveit2_scripts/src/test_trajectory2.cpp:1[m[K:
[4.720s] [01m[K/home/jelly/ros2_ws/src/moveit2_scripts/src/test_trajectory2.cpp:94:15:[m[K [01;31m[Kerror: [m[Kâ€˜[01m[KLOGGER[m[Kâ€™ was not declared in this scope
[4.720s]    94 |   RCLCPP_INFO([01;31m[KLOGGER[m[K, "Available Planning Groups:");
[4.721s]       |               [01;31m[K^~~~~~[m[K
[4.721s] [01m[K/home/jelly/ros2_ws/src/moveit2_scripts/src/test_trajectory2.cpp:94:3:[m[K [01;31m[Kerror: [m[Ktemplate argument 1 is invalid
[4.721s]    94 |   [01;31m[KRCLCPP_INFO[m[K(LOGGER, "Available Planning Groups:");
[4.721s]       |   [01;31m[K^~~~~~~~~~~[m[K
[4.721s] [01m[K/home/jelly/ros2_ws/src/moveit2_scripts/src/test_trajectory2.cpp:94:3:[m[K [01;31m[Kerror: [m[Ktemplate argument 1 is invalid
[4.721s]    94 |   [01;31m[KRCLCPP_INFO[m[K(LOGGER, "Available Planning Groups:");
[4.721s]       |   [01;31m[K^~~~~~~~~~~[m[K
[4.721s] [01m[K/home/jelly/ros2_ws/src/moveit2_scripts/src/test_trajectory2.cpp:94:3:[m[K [01;31m[Kerror: [m[Ktemplate argument 1 is invalid
[4.721s]    94 |   [01;31m[KRCLCPP_INFO[m[K(LOGGER, "Available Planning Groups:");
[4.721s]       |   [01;31m[K^~~~~~~~~~~[m[K
[4.724s] [01m[K/home/jelly/ros2_ws/src/moveit2_scripts/src/test_trajectory2.cpp:95:13:[m[K [01;31m[Kerror: [m[Kâ€˜[01m[Kmove_group[m[Kâ€™ was not declared in this scope; did you mean â€˜[01m[Kmove_group_node[m[Kâ€™?
[4.725s]    95 |   std::copy([01;31m[Kmove_group[m[K.getJointModelGroupNames().begin(),
[4.725s]       |             [01;31m[K^~~~~~~~~~[m[K
[4.726s]       |             [32m[Kmove_group_node[m[K
[8.374s] gmake[2]: *** [CMakeFiles/test_trajectory2.dir/build.make:76: CMakeFiles/test_trajectory2.dir/src/test_trajectory2.cpp.o] Error 1
[8.374s] gmake[1]: *** [CMakeFiles/Makefile2:167: CMakeFiles/test_trajectory2.dir/all] Error 2
[8.374s] gmake: *** [Makefile:146: all] Error 2
[8.379s] Invoked command in '/home/jelly/ros2_ws/build/moveit2_scripts' returned '2': CMAKE_PREFIX_PATH=${CMAKE_PREFIX_PATH}:/home/jelly/ros2_ws/install/mycobot_real_moveit:/home/jelly/ros2_ws/install/mycobot_280:/home/jelly/ros2_ws/install/my_moveit2_package:/opt/ros/humble /usr/bin/cmake --build /home/jelly/ros2_ws/build/moveit2_scripts -- -j4 -l4
