[0.064s] Invoking command in '/home/jelly/ros2_ws/build/mycobot': CMAKE_PREFIX_PATH=/home/jelly/ros2_ws/install/serial:/home/jelly/ros2_ws/install/fp:/home/jelly/ros2_ws/install/catch2:/home/jelly/ros2_ws/install/mycobot_280_description:/home/jelly/ros2_ws/install/mycobot_hardware_interface:/home/jelly/ros2_ws/install/mycobot:/home/jelly/ros2_ws/install/FMT:/opt/ros/humble /usr/bin/cmake /home/jelly/ros2_ws/src/mycobot-ros2-fix/mycobot -DCMAKE_INSTALL_PREFIX=/home/jelly/ros2_ws/install/mycobot
[0.211s] -- The C compiler identification is GNU 11.4.0
[0.411s] -- The CXX compiler identification is GNU 11.4.0
[0.421s] -- Detecting C compiler ABI info
[0.539s] -- Detecting C compiler ABI info - done
[0.549s] -- Check for working C compiler: /usr/bin/cc - skipped
[0.550s] -- Detecting C compile features
[0.550s] -- Detecting C compile features - done
[0.557s] -- Detecting CXX compiler ABI info
[0.720s] -- Detecting CXX compiler ABI info - done
[0.726s] -- Check for working CXX compiler: /usr/bin/c++ - skipped
[0.727s] -- Detecting CXX compile features
[0.728s] -- Detecting CXX compile features - done
[0.731s] -- Found ament_cmake: 1.3.9 (/opt/ros/humble/share/ament_cmake/cmake)
[1.108s] -- Found Python3: /usr/bin/python3 (found version "3.10.12") found components: Interpreter 
[1.320s] -- Found fp: 0.0.1 (/home/jelly/ros2_ws/install/fp/share/fp/cmake)
[1.380s] -- Found serial: 1.2.1 (/home/jelly/ros2_ws/install/serial/share/serial/cmake)
[1.380s] -- Found catch2: 2.13.8 (/home/jelly/ros2_ws/install/catch2/share/catch2/cmake)
[1.451s] -- Found ament_cmake_catch2: 1.2.1 (/opt/ros/humble/share/ament_cmake_catch2/cmake)
[1.549s] -- Configuring done
[1.549s] -- Generating done
[1.549s] -- Build files have been written to: /home/jelly/ros2_ws/build/mycobot
[1.549s] Invoked command in '/home/jelly/ros2_ws/build/mycobot' returned '0': CMAKE_PREFIX_PATH=/home/jelly/ros2_ws/install/serial:/home/jelly/ros2_ws/install/fp:/home/jelly/ros2_ws/install/catch2:/home/jelly/ros2_ws/install/mycobot_280_description:/home/jelly/ros2_ws/install/mycobot_hardware_interface:/home/jelly/ros2_ws/install/mycobot:/home/jelly/ros2_ws/install/FMT:/opt/ros/humble /usr/bin/cmake /home/jelly/ros2_ws/src/mycobot-ros2-fix/mycobot -DCMAKE_INSTALL_PREFIX=/home/jelly/ros2_ws/install/mycobot
[1.550s] Invoking command in '/home/jelly/ros2_ws/build/mycobot': CMAKE_PREFIX_PATH=/home/jelly/ros2_ws/install/serial:/home/jelly/ros2_ws/install/fp:/home/jelly/ros2_ws/install/catch2:/home/jelly/ros2_ws/install/mycobot_280_description:/home/jelly/ros2_ws/install/mycobot_hardware_interface:/home/jelly/ros2_ws/install/mycobot:/home/jelly/ros2_ws/install/FMT:/opt/ros/humble /usr/bin/cmake --build /home/jelly/ros2_ws/build/mycobot -- -j4 -l4
[1.761s] [  8%] [32mBuilding CXX object CMakeFiles/mycobot.dir/src/mycobot.cpp.o[0m
[1.778s] [ 16%] [32mBuilding CXX object CMakeFiles/mycobot.dir/src/detect.cpp.o[0m
[1.778s] [ 25%] [32mBuilding CXX object CMakeFiles/mycobot.dir/src/command.cpp.o[0m
[1.781s] [ 33%] [32mBuilding CXX object CMakeFiles/mycobot.dir/src/process_received.cpp.o[0m
[6.254s] [ 41%] [32mBuilding CXX object CMakeFiles/mycobot.dir/src/serialize.cpp.o[0m
[11.056s] [ 50%] [32m[1mLinking CXX static library libmycobot.a[0m
[11.155s] [ 50%] Built target mycobot
[11.198s] [ 58%] [32mBuilding CXX object CMakeFiles/test_mycobot.dir/test/test_serialize.cpp.o[0m
[11.200s] [ 66%] [32mBuilding CXX object CMakeFiles/test_mycobot.dir/test/main.cpp.o[0m
[11.203s] [ 75%] [32mBuilding CXX object CMakeFiles/wiggle.dir/bringup/wiggle.cpp.o[0m
[11.213s] [ 83%] [32mBuilding CXX object CMakeFiles/test_mycobot.dir/test/test_process_received.cpp.o[0m
[14.753s] gmake[2]: *** [CMakeFiles/test_mycobot.dir/build.make:104: CMakeFiles/test_mycobot.dir/test/test_serialize.cpp.o] Interrupt
[14.753s] gmake[2]: *** [CMakeFiles/wiggle.dir/build.make:76: CMakeFiles/wiggle.dir/bringup/wiggle.cpp.o] Interrupt
[14.753s] gmake[2]: *** [CMakeFiles/test_mycobot.dir/build.make:76: CMakeFiles/test_mycobot.dir/test/main.cpp.o] Interrupt
[14.753s] gmake[2]: *** [CMakeFiles/test_mycobot.dir/build.make:90: CMakeFiles/test_mycobot.dir/test/test_process_received.cpp.o] Interrupt
[14.756s] gmake[1]: *** [CMakeFiles/Makefile2:193: CMakeFiles/test_mycobot.dir/all] Interrupt
[14.756s] gmake[1]: *** [CMakeFiles/Makefile2:167: CMakeFiles/wiggle.dir/all] Interrupt
[14.756s] gmake: *** [Makefile:146: all] Interrupt
