[0.021s] Invoking command in '/home/jelly/ros2_ws/build/moveit2_scripts': CMAKE_PREFIX_PATH=${CMAKE_PREFIX_PATH}:/home/jelly/ros2_ws/install/mycobot_real_moveit:/home/jelly/ros2_ws/install/mycobot_280:/home/jelly/ros2_ws/install/my_moveit2_package:/opt/ros/humble /usr/bin/cmake --build /home/jelly/ros2_ws/build/moveit2_scripts -- -j4 -l4
[0.110s] [35m[1mConsolidate compiler generated dependencies of target test_trajectory2[0m
[0.132s] [ 33%] Built target position_publisher
[0.142s] [ 66%] Built target test_trajectory
[0.152s] [ 83%] [32mBuilding CXX object CMakeFiles/test_trajectory2.dir/src/test_trajectory2.cpp.o[0m
[7.159s] [01m[K/home/jelly/ros2_ws/src/moveit2_scripts/src/test_trajectory2.cpp:[m[K In member function â€˜[01m[Kvoid RobotController::initialize()[m[Kâ€™:
[7.160s] [01m[K/home/jelly/ros2_ws/src/moveit2_scripts/src/test_trajectory2.cpp:31:100:[m[K [01;31m[Kerror: [m[Kreference to â€˜[01m[Kshared_from_this[m[Kâ€™ is ambiguous
[7.160s]    31 |     move_group = std::make_unique<moveit::planning_interface::MoveGroupInterface>(RobotController::[01;31m[Kshared_from_this[m[K(), PLANNING_GROUP);
[7.160s]       |                                                                                                    [01;31m[K^~~~~~~~~~~~~~~~[m[K
[7.160s] In file included from [01m[K/usr/include/c++/11/memory:77[m[K,
[7.161s]                  from [01m[K/opt/ros/humble/include/rclcpp/rclcpp/rclcpp.hpp:153[m[K,
[7.161s]                  from [01m[K/home/jelly/ros2_ws/src/moveit2_scripts/src/test_trajectory2.cpp:1[m[K:
[7.161s] [01m[K/usr/include/c++/11/bits/shared_ptr.h:811:7:[m[K [01;36m[Knote: [m[Kcandidates are: â€˜[01m[Kstd::shared_ptr<const _Tp> std::enable_shared_from_this<_Tp>::shared_from_this() const [with _Tp = RobotController][m[Kâ€™
[7.161s]   811 |       [01;36m[Kshared_from_this[m[K() const
[7.161s]       |       [01;36m[K^~~~~~~~~~~~~~~~[m[K
[7.162s] [01m[K/usr/include/c++/11/bits/shared_ptr.h:807:7:[m[K [01;36m[Knote: [m[K                â€˜[01m[Kstd::shared_ptr<_Tp> std::enable_shared_from_this<_Tp>::shared_from_this() [with _Tp = RobotController][m[Kâ€™
[7.162s]   807 |       [01;36m[Kshared_from_this[m[K()
[7.162s]       |       [01;36m[K^~~~~~~~~~~~~~~~[m[K
[7.162s] [01m[K/usr/include/c++/11/bits/shared_ptr.h:811:7:[m[K [01;36m[Knote: [m[K                â€˜[01m[Kstd::shared_ptr<const _Tp> std::enable_shared_from_this<_Tp>::shared_from_this() const [with _Tp = rclcpp::Node][m[Kâ€™
[7.162s]   811 |       [01;36m[Kshared_from_this[m[K() const
[7.162s]       |       [01;36m[K^~~~~~~~~~~~~~~~[m[K
[7.162s] [01m[K/usr/include/c++/11/bits/shared_ptr.h:807:7:[m[K [01;36m[Knote: [m[K                â€˜[01m[Kstd::shared_ptr<_Tp> std::enable_shared_from_this<_Tp>::shared_from_this() [with _Tp = rclcpp::Node][m[Kâ€™
[7.162s]   807 |       [01;36m[Kshared_from_this[m[K()
[7.162s]       |       [01;36m[K^~~~~~~~~~~~~~~~[m[K
[13.578s] gmake[2]: *** [CMakeFiles/test_trajectory2.dir/build.make:76: CMakeFiles/test_trajectory2.dir/src/test_trajectory2.cpp.o] Error 1
[13.578s] gmake[1]: *** [CMakeFiles/Makefile2:167: CMakeFiles/test_trajectory2.dir/all] Error 2
[13.578s] gmake: *** [Makefile:146: all] Error 2
[13.582s] Invoked command in '/home/jelly/ros2_ws/build/moveit2_scripts' returned '2': CMAKE_PREFIX_PATH=${CMAKE_PREFIX_PATH}:/home/jelly/ros2_ws/install/mycobot_real_moveit:/home/jelly/ros2_ws/install/mycobot_280:/home/jelly/ros2_ws/install/my_moveit2_package:/opt/ros/humble /usr/bin/cmake --build /home/jelly/ros2_ws/build/moveit2_scripts -- -j4 -l4
