[0.021s] Invoking command in '/home/jelly/ros2_ws/build/moveit2_scripts': CMAKE_PREFIX_PATH=${CMAKE_PREFIX_PATH}:/home/jelly/ros2_ws/install/mycobot_real_moveit:/home/jelly/ros2_ws/install/mycobot_280:/home/jelly/ros2_ws/install/my_moveit2_package:/opt/ros/humble /usr/bin/cmake --build /home/jelly/ros2_ws/build/moveit2_scripts -- -j4 -l4
[0.119s] [35m[1mConsolidate compiler generated dependencies of target test_trajectory2[0m
[0.142s] [ 33%] Built target position_publisher
[0.145s] [ 66%] Built target test_trajectory
[0.163s] [ 83%] [32mBuilding CXX object CMakeFiles/test_trajectory2.dir/src/test_trajectory2.cpp.o[0m
[7.247s] [01m[K/home/jelly/ros2_ws/src/moveit2_scripts/src/test_trajectory2.cpp:13:1:[m[K [01;31m[Kerror: [m[Kâ€˜[01m[Klass[m[Kâ€™ does not name a type; did you mean â€˜[01m[Kclass[m[Kâ€™?
[7.248s]    13 | [01;31m[Klass[m[K RobotController : public rclcpp::Node, public std::enable_shared_from_this<RobotController> {
[7.248s]       | [01;31m[K^~~~[m[K
[7.248s]       | [32m[Kclass[m[K
[7.256s] [01m[K/home/jelly/ros2_ws/src/moveit2_scripts/src/test_trajectory2.cpp:[m[K In function â€˜[01m[Kint main(int, char**)[m[Kâ€™:
[7.256s] [01m[K/home/jelly/ros2_ws/src/moveit2_scripts/src/test_trajectory2.cpp:70:44:[m[K [01;31m[Kerror: [m[Kâ€˜[01m[KRobotController[m[Kâ€™ was not declared in this scope; did you mean â€˜[01m[Krobot_controller[m[Kâ€™?
[7.256s]    70 |   auto robot_controller = std::make_shared<[01;31m[KRobotController[m[K>();
[7.256s]       |                                            [01;31m[K^~~~~~~~~~~~~~~[m[K
[7.257s]       |                                            [32m[Krobot_controller[m[K
[7.257s] [01m[K/home/jelly/ros2_ws/src/moveit2_scripts/src/test_trajectory2.cpp:70:60:[m[K [01;31m[Kerror: [m[Kno matching function for call to â€˜[01m[Kmake_shared<<expression error> >()[m[Kâ€™
[7.257s]    70 |   auto robot_controller = [01;31m[Kstd::make_shared<RobotController>()[m[K;
[7.257s]       |                           [01;31m[K~~~~~~~~~~~~~~~~~~~~~~~~~~~~~~~~~^~[m[K
[7.257s] In file included from [01m[K/usr/include/c++/11/memory:77[m[K,
[7.257s]                  from [01m[K/opt/ros/humble/include/rclcpp/rclcpp/rclcpp.hpp:153[m[K,
[7.257s]                  from [01m[K/home/jelly/ros2_ws/src/moveit2_scripts/src/test_trajectory2.cpp:1[m[K:
[7.257s] [01m[K/usr/include/c++/11/bits/shared_ptr.h:875:5:[m[K [01;36m[Knote: [m[Kcandidate: â€˜[01m[Ktemplate<class _Tp, class ... _Args> std::shared_ptr<_Tp> std::make_shared(_Args&& ...)[m[Kâ€™
[7.257s]   875 |     [01;36m[Kmake_shared[m[K(_Args&&... __args)
[7.257s]       |     [01;36m[K^~~~~~~~~~~[m[K
[7.257s] [01m[K/usr/include/c++/11/bits/shared_ptr.h:875:5:[m[K [01;36m[Knote: [m[K  template argument deduction/substitution failed:
[7.257s] [01m[K/home/jelly/ros2_ws/src/moveit2_scripts/src/test_trajectory2.cpp:70:60:[m[K [01;31m[Kerror: [m[Ktemplate argument 1 is invalid
[7.258s]    70 |   auto robot_controller = [01;31m[Kstd::make_shared<RobotController>()[m[K;
[7.258s]       |                           [01;31m[K~~~~~~~~~~~~~~~~~~~~~~~~~~~~~~~~~^~[m[K
[10.928s] gmake[2]: *** [CMakeFiles/test_trajectory2.dir/build.make:76: CMakeFiles/test_trajectory2.dir/src/test_trajectory2.cpp.o] Error 1
[10.929s] gmake[1]: *** [CMakeFiles/Makefile2:167: CMakeFiles/test_trajectory2.dir/all] Error 2
[10.929s] gmake: *** [Makefile:146: all] Error 2
[10.934s] Invoked command in '/home/jelly/ros2_ws/build/moveit2_scripts' returned '2': CMAKE_PREFIX_PATH=${CMAKE_PREFIX_PATH}:/home/jelly/ros2_ws/install/mycobot_real_moveit:/home/jelly/ros2_ws/install/mycobot_280:/home/jelly/ros2_ws/install/my_moveit2_package:/opt/ros/humble /usr/bin/cmake --build /home/jelly/ros2_ws/build/moveit2_scripts -- -j4 -l4
