[0.106s] Invoking command in '/home/jelly/ros2_ws/build/moveit2_scripts': CMAKE_PREFIX_PATH=${CMAKE_PREFIX_PATH}:/home/jelly/ros2_ws/install/mycobot_real_moveit:/home/jelly/ros2_ws/install/mycobot_280:/home/jelly/ros2_ws/install/my_moveit2_package:/opt/ros/humble /usr/bin/cmake --build /home/jelly/ros2_ws/build/moveit2_scripts -- -j4 -l4
[0.292s] [35m[1mConsolidate compiler generated dependencies of target test_trajectory2[0m
[0.311s] [35m[1mConsolidate compiler generated dependencies of target test_trajectory[0m
[0.409s] [ 25%] Built target cartesian_path
[0.415s] [ 50%] Built target test_trajectory3
[0.422s] [ 62%] [32mBuilding CXX object CMakeFiles/test_trajectory.dir/src/test_trajectory.cpp.o[0m
[0.455s] [ 75%] [32mBuilding CXX object CMakeFiles/test_trajectory2.dir/src/test_trajectory2.cpp.o[0m
[1.767s] [01m[K/home/jelly/ros2_ws/src/moveit2_scripts/src/test_trajectory2.cpp:40:4:[m[K [01;31m[Kerror: [m[Kinvalid preprocessing directive #target_pose1
[1.767s]    40 |   #[01;31m[Ktarget_pose1[m[K.orientation.x = 0.0;
[1.767s]       |    [01;31m[K^~~~~~~~~~~~[m[K
[8.398s] [01m[K/home/jelly/ros2_ws/src/moveit2_scripts/src/test_trajectory2.cpp:[m[K In function â€˜[01m[Kint main(int, char**)[m[Kâ€™:
[8.398s] [01m[K/home/jelly/ros2_ws/src/moveit2_scripts/src/test_trajectory2.cpp:25:40:[m[K [01;35m[Kwarning: [m[Kunused variable â€˜[01m[Kjoint_model_group[m[Kâ€™ [[01;35m[K]8;;https://gcc.gnu.org/onlinedocs/gcc/Warning-Options.html#index-Wunused-variable-Wunused-variable]8;;[m[K]
[8.398s]    25 |   const moveit::core::JointModelGroup *[01;35m[Kjoint_model_group[m[K =
[8.399s]       |                                        [01;35m[K^~~~~~~~~~~~~~~~~[m[K
[8.412s] [01m[K/home/jelly/ros2_ws/src/moveit2_scripts/src/test_trajectory.cpp:[m[K In function â€˜[01m[Kint main(int, char**)[m[Kâ€™:
[8.412s] [01m[K/home/jelly/ros2_ws/src/moveit2_scripts/src/test_trajectory.cpp:25:40:[m[K [01;35m[Kwarning: [m[Kunused variable â€˜[01m[Kjoint_model_group[m[Kâ€™ [[01;35m[K]8;;https://gcc.gnu.org/onlinedocs/gcc/Warning-Options.html#index-Wunused-variable-Wunused-variable]8;;[m[K]
[8.413s]    25 |   const moveit::core::JointModelGroup *[01;35m[Kjoint_model_group[m[K =
[8.413s]       |                                        [01;35m[K^~~~~~~~~~~~~~~~~[m[K
[8.413s] [01m[K/home/jelly/ros2_ws/src/moveit2_scripts/src/test_trajectory.cpp:51:8:[m[K [01;35m[Kwarning: [m[Kunused variable â€˜[01m[Ksuccess[m[Kâ€™ [[01;35m[K]8;;https://gcc.gnu.org/onlinedocs/gcc/Warning-Options.html#index-Wunused-variable-Wunused-variable]8;;[m[K]
[8.413s]    51 |   bool [01;35m[Ksuccess[m[K =
[8.413s]       |        [01;35m[K^~~~~~~[m[K
[12.321s] gmake[2]: *** [CMakeFiles/test_trajectory2.dir/build.make:76: CMakeFiles/test_trajectory2.dir/src/test_trajectory2.cpp.o] Error 1
[12.322s] gmake[1]: *** [CMakeFiles/Makefile2:169: CMakeFiles/test_trajectory2.dir/all] Error 2
[12.322s] gmake[1]: *** Waiting for unfinished jobs....
[12.717s] [ 87%] [32m[1mLinking CXX executable test_trajectory[0m
[13.141s] [ 87%] Built target test_trajectory
[13.143s] gmake: *** [Makefile:146: all] Error 2
[13.146s] Invoked command in '/home/jelly/ros2_ws/build/moveit2_scripts' returned '2': CMAKE_PREFIX_PATH=${CMAKE_PREFIX_PATH}:/home/jelly/ros2_ws/install/mycobot_real_moveit:/home/jelly/ros2_ws/install/mycobot_280:/home/jelly/ros2_ws/install/my_moveit2_package:/opt/ros/humble /usr/bin/cmake --build /home/jelly/ros2_ws/build/moveit2_scripts -- -j4 -l4
