[01m[K/home/jelly/ros2_ws/src/moveit2_scripts/src/test_trajectory2.cpp:66:2:[m[K [01;31m[Kerror: [m[Kexpected â€˜[01m[K}[m[Kâ€™ at end of input
   66 | }
      |  [01;31m[K^[m[K
[01m[K/home/jelly/ros2_ws/src/moveit2_scripts/src/test_trajectory2.cpp:13:45:[m[K [01;36m[Knote: [m[Kto match this â€˜[01m[K{[m[Kâ€™
   13 | class RobotController : public rclcpp::Node [01;36m[K{[m[K
      |                                             [01;36m[K^[m[K
[01m[K/home/jelly/ros2_ws/src/moveit2_scripts/src/test_trajectory2.cpp:[m[K In constructor â€˜[01m[KRobotController::RobotController()[m[Kâ€™:
[01m[K/home/jelly/ros2_ws/src/moveit2_scripts/src/test_trajectory2.cpp:15:49:[m[K [01;31m[Kerror: [m[Kclass â€˜[01m[KRobotController[m[Kâ€™ does not have any field named â€˜[01m[Kmove_group[m[Kâ€™
   15 |   RobotController() : Node("robot_controller"), [01;31m[Kmove_group[m[K("arm_group") {
      |                                                 [01;31m[K^~~~~~~~~~[m[K
[01m[K/home/jelly/ros2_ws/src/moveit2_scripts/src/test_trajectory2.cpp:16:5:[m[K [01;31m[Kerror: [m[Kâ€˜[01m[Ksubscription_[m[Kâ€™ was not declared in this scope; did you mean â€˜[01m[Krmw_subscription_t[m[Kâ€™?
   16 |     [01;31m[Ksubscription_[m[K = this->create_subscription<std_msgs::msg::String>(
      |     [01;31m[K^~~~~~~~~~~~~[m[K
      |     [32m[Krmw_subscription_t[m[K
[01m[K/home/jelly/ros2_ws/src/moveit2_scripts/src/test_trajectory2.cpp:[m[K In member function â€˜[01m[Kvoid RobotController::moveToPosition(const std::vector<float>&) const[m[Kâ€™:
[01m[K/home/jelly/ros2_ws/src/moveit2_scripts/src/test_trajectory2.cpp:58:5:[m[K [01;31m[Kerror: [m[Kâ€˜[01m[Kmove_group[m[Kâ€™ was not declared in this scope
   58 |     [01;31m[Kmove_group[m[K.setPoseTarget(target_pose);
      |     [01;31m[K^~~~~~~~~~[m[K
[01m[K/home/jelly/ros2_ws/src/moveit2_scripts/src/test_trajectory2.cpp:60:34:[m[K [01;31m[Kerror: [m[Ka function-definition is not allowed here before â€˜[01m[K{[m[Kâ€™ token
   60 | int main(int argc, char* argv[]) [01;31m[K{[m[K
      |                                  [01;31m[K^[m[K
[01m[K/home/jelly/ros2_ws/src/moveit2_scripts/src/test_trajectory2.cpp:66:2:[m[K [01;31m[Kerror: [m[Kexpected â€˜[01m[K}[m[Kâ€™ at end of input
   66 | }
      |  [01;31m[K^[m[K
[01m[K/home/jelly/ros2_ws/src/moveit2_scripts/src/test_trajectory2.cpp:51:65:[m[K [01;36m[Knote: [m[Kto match this â€˜[01m[K{[m[Kâ€™
   51 |   void moveToPosition(const std::vector<float>& position) const [01;36m[K{[m[K
      |                                                                 [01;36m[K^[m[K
[01m[K/home/jelly/ros2_ws/src/moveit2_scripts/src/test_trajectory2.cpp:[m[K At global scope:
[01m[K/home/jelly/ros2_ws/src/moveit2_scripts/src/test_trajectory2.cpp:66:2:[m[K [01;31m[Kerror: [m[Kexpected unqualified-id at end of input
   66 | }
      |  [01;31m[K^[m[K
gmake[2]: *** [CMakeFiles/test_trajectory2.dir/build.make:76: CMakeFiles/test_trajectory2.dir/src/test_trajectory2.cpp.o] Error 1
gmake[1]: *** [CMakeFiles/Makefile2:167: CMakeFiles/test_trajectory2.dir/all] Error 2
gmake: *** [Makefile:146: all] Error 2
