[0.083s] Invoking command in '/home/jelly/ros2_ws/build/moveit2_scripts': CMAKE_PREFIX_PATH=${CMAKE_PREFIX_PATH}:/home/jelly/ros2_ws/install/mycobot_real_moveit:/home/jelly/ros2_ws/install/mycobot_280:/home/jelly/ros2_ws/install/my_moveit2_package:/opt/ros/humble /usr/bin/cmake --build /home/jelly/ros2_ws/build/moveit2_scripts -- -j4 -l4
[0.358s] [35m[1mConsolidate compiler generated dependencies of target test_trajectory2[0m
[0.358s] [ 33%] Built target test_trajectory
[0.378s] [ 66%] Built target position_publisher
[0.395s] [ 83%] [32mBuilding CXX object CMakeFiles/test_trajectory2.dir/src/test_trajectory2.cpp.o[0m
[7.853s] [01m[K/home/jelly/ros2_ws/src/moveit2_scripts/src/test_trajectory2.cpp:66:2:[m[K [01;31m[Kerror: [m[Kexpected â€˜[01m[K}[m[Kâ€™ at end of input
[7.853s]    66 | }
[7.854s]       |  [01;31m[K^[m[K
[7.854s] [01m[K/home/jelly/ros2_ws/src/moveit2_scripts/src/test_trajectory2.cpp:13:45:[m[K [01;36m[Knote: [m[Kto match this â€˜[01m[K{[m[Kâ€™
[7.854s]    13 | class RobotController : public rclcpp::Node [01;36m[K{[m[K
[7.854s]       |                                             [01;36m[K^[m[K
[7.854s] [01m[K/home/jelly/ros2_ws/src/moveit2_scripts/src/test_trajectory2.cpp:[m[K In constructor â€˜[01m[KRobotController::RobotController()[m[Kâ€™:
[7.854s] [01m[K/home/jelly/ros2_ws/src/moveit2_scripts/src/test_trajectory2.cpp:15:49:[m[K [01;31m[Kerror: [m[Kclass â€˜[01m[KRobotController[m[Kâ€™ does not have any field named â€˜[01m[Kmove_group[m[Kâ€™
[7.854s]    15 |   RobotController() : Node("robot_controller"), [01;31m[Kmove_group[m[K("arm_group") {
[7.854s]       |                                                 [01;31m[K^~~~~~~~~~[m[K
[7.870s] [01m[K/home/jelly/ros2_ws/src/moveit2_scripts/src/test_trajectory2.cpp:16:5:[m[K [01;31m[Kerror: [m[Kâ€˜[01m[Ksubscription_[m[Kâ€™ was not declared in this scope; did you mean â€˜[01m[Krmw_subscription_t[m[Kâ€™?
[7.870s]    16 |     [01;31m[Ksubscription_[m[K = this->create_subscription<std_msgs::msg::String>(
[7.871s]       |     [01;31m[K^~~~~~~~~~~~~[m[K
[7.871s]       |     [32m[Krmw_subscription_t[m[K
[7.976s] [01m[K/home/jelly/ros2_ws/src/moveit2_scripts/src/test_trajectory2.cpp:[m[K In member function â€˜[01m[Kvoid RobotController::moveToPosition(const std::vector<float>&) const[m[Kâ€™:
[7.976s] [01m[K/home/jelly/ros2_ws/src/moveit2_scripts/src/test_trajectory2.cpp:58:5:[m[K [01;31m[Kerror: [m[Kâ€˜[01m[Kmove_group[m[Kâ€™ was not declared in this scope
[7.976s]    58 |     [01;31m[Kmove_group[m[K.setPoseTarget(target_pose);
[7.976s]       |     [01;31m[K^~~~~~~~~~[m[K
[7.976s] [01m[K/home/jelly/ros2_ws/src/moveit2_scripts/src/test_trajectory2.cpp:60:34:[m[K [01;31m[Kerror: [m[Ka function-definition is not allowed here before â€˜[01m[K{[m[Kâ€™ token
[7.976s]    60 | int main(int argc, char* argv[]) [01;31m[K{[m[K
[7.976s]       |                                  [01;31m[K^[m[K
[7.976s] [01m[K/home/jelly/ros2_ws/src/moveit2_scripts/src/test_trajectory2.cpp:66:2:[m[K [01;31m[Kerror: [m[Kexpected â€˜[01m[K}[m[Kâ€™ at end of input
[7.976s]    66 | }
[7.977s]       |  [01;31m[K^[m[K
[7.977s] [01m[K/home/jelly/ros2_ws/src/moveit2_scripts/src/test_trajectory2.cpp:51:65:[m[K [01;36m[Knote: [m[Kto match this â€˜[01m[K{[m[Kâ€™
[7.977s]    51 |   void moveToPosition(const std::vector<float>& position) const [01;36m[K{[m[K
[7.977s]       |                                                                 [01;36m[K^[m[K
[7.977s] [01m[K/home/jelly/ros2_ws/src/moveit2_scripts/src/test_trajectory2.cpp:[m[K At global scope:
[7.977s] [01m[K/home/jelly/ros2_ws/src/moveit2_scripts/src/test_trajectory2.cpp:66:2:[m[K [01;31m[Kerror: [m[Kexpected unqualified-id at end of input
[7.977s]    66 | }
[7.977s]       |  [01;31m[K^[m[K
[14.064s] gmake[2]: *** [CMakeFiles/test_trajectory2.dir/build.make:76: CMakeFiles/test_trajectory2.dir/src/test_trajectory2.cpp.o] Error 1
[14.065s] gmake[1]: *** [CMakeFiles/Makefile2:167: CMakeFiles/test_trajectory2.dir/all] Error 2
[14.065s] gmake: *** [Makefile:146: all] Error 2
[14.069s] Invoked command in '/home/jelly/ros2_ws/build/moveit2_scripts' returned '2': CMAKE_PREFIX_PATH=${CMAKE_PREFIX_PATH}:/home/jelly/ros2_ws/install/mycobot_real_moveit:/home/jelly/ros2_ws/install/mycobot_280:/home/jelly/ros2_ws/install/my_moveit2_package:/opt/ros/humble /usr/bin/cmake --build /home/jelly/ros2_ws/build/moveit2_scripts -- -j4 -l4
