[0.020s] Invoking command in '/home/jelly/ros2_ws/build/moveit2_scripts': CMAKE_PREFIX_PATH=${CMAKE_PREFIX_PATH}:/home/jelly/ros2_ws/install/mycobot_real_moveit:/home/jelly/ros2_ws/install/mycobot_280:/home/jelly/ros2_ws/install/my_moveit2_package:/opt/ros/humble /usr/bin/cmake --build /home/jelly/ros2_ws/build/moveit2_scripts -- -j4 -l4
[0.102s] [35m[1mConsolidate compiler generated dependencies of target test_trajectory2[0m
[0.131s] [ 33%] Built target position_publisher
[0.139s] [ 66%] Built target test_trajectory
[0.146s] [ 83%] [32mBuilding CXX object CMakeFiles/test_trajectory2.dir/src/test_trajectory2.cpp.o[0m
[7.098s] [01m[K/home/jelly/ros2_ws/src/moveit2_scripts/src/test_trajectory2.cpp:[m[K In constructor â€˜[01m[KRobotController::RobotController()[m[Kâ€™:
[7.098s] [01m[K/home/jelly/ros2_ws/src/moveit2_scripts/src/test_trajectory2.cpp:18:123:[m[K [01;31m[Kerror: [m[Kno matching function for call to â€˜[01m[Kmoveit::planning_interface::MoveGroupInterface::MoveGroupInterface()[m[Kâ€™
[7.098s]    18 |   RobotController() : Node("robot_controller", rclcpp::NodeOptions().automatically_declare_parameters_from_overrides(true)[01;31m[K)[m[K {
[7.098s]       |                                                                                                                           [01;31m[K^[m[K
[7.099s] In file included from [01m[K/home/jelly/ros2_ws/src/moveit2_scripts/src/test_trajectory2.cpp:6[m[K:
[7.099s] [01m[K/opt/ros/humble/include/moveit/move_group_interface/move_group_interface.h:159:3:[m[K [01;36m[Knote: [m[Kcandidate: â€˜[01m[Kmoveit::planning_interface::MoveGroupInterface::MoveGroupInterface(moveit::planning_interface::MoveGroupInterface&&)[m[Kâ€™
[7.099s]   159 |   [01;36m[KMoveGroupInterface[m[K(MoveGroupInterface&& other) noexcept;
[7.099s]       |   [01;36m[K^~~~~~~~~~~~~~~~~~[m[K
[7.099s] [01m[K/opt/ros/humble/include/moveit/move_group_interface/move_group_interface.h:159:3:[m[K [01;36m[Knote: [m[K  candidate expects 1 argument, 0 provided
[7.099s] [01m[K/opt/ros/humble/include/moveit/move_group_interface/move_group_interface.h:145:3:[m[K [01;36m[Knote: [m[Kcandidate: â€˜[01m[Kmoveit::planning_interface::MoveGroupInterface::MoveGroupInterface(const SharedPtr&, const string&, const std::shared_ptr<tf2_ros::Buffer>&, const rclcpp::Duration&)[m[Kâ€™
[7.099s]   145 |   [01;36m[KMoveGroupInterface[m[K(const rclcpp::Node::SharedPtr& node, const std::string& group,
[7.099s]       |   [01;36m[K^~~~~~~~~~~~~~~~~~[m[K
[7.099s] [01m[K/opt/ros/humble/include/moveit/move_group_interface/move_group_interface.h:145:3:[m[K [01;36m[Knote: [m[K  candidate expects 4 arguments, 0 provided
[7.100s] [01m[K/opt/ros/humble/include/moveit/move_group_interface/move_group_interface.h:134:3:[m[K [01;36m[Knote: [m[Kcandidate: â€˜[01m[Kmoveit::planning_interface::MoveGroupInterface::MoveGroupInterface(const SharedPtr&, const moveit::planning_interface::MoveGroupInterface::Options&, const std::shared_ptr<tf2_ros::Buffer>&, const rclcpp::Duration&)[m[Kâ€™
[7.100s]   134 |   [01;36m[KMoveGroupInterface[m[K(const rclcpp::Node::SharedPtr& node, const Options& opt,
[7.100s]       |   [01;36m[K^~~~~~~~~~~~~~~~~~[m[K
[7.100s] [01m[K/opt/ros/humble/include/moveit/move_group_interface/move_group_interface.h:134:3:[m[K [01;36m[Knote: [m[K  candidate expects 4 arguments, 0 provided
[7.112s] [01m[K/home/jelly/ros2_ws/src/moveit2_scripts/src/test_trajectory2.cpp:[m[K In member function â€˜[01m[Kvoid RobotController::initialize()[m[Kâ€™:
[7.112s] [01m[K/home/jelly/ros2_ws/src/moveit2_scripts/src/test_trajectory2.cpp:24:71:[m[K [01;31m[Kerror: [m[Krequest for member â€˜[01m[Kshared_from_this[m[Kâ€™ is ambiguous
[7.112s]    24 |     move_group = moveit::planning_interface::MoveGroupInterface(this->[01;31m[Kshared_from_this[m[K(), "arm_group");
[7.112s]       |                                                                       [01;31m[K^~~~~~~~~~~~~~~~[m[K
[7.113s] In file included from [01m[K/usr/include/c++/11/memory:77[m[K,
[7.113s]                  from [01m[K/opt/ros/humble/include/rclcpp/rclcpp/rclcpp.hpp:153[m[K,
[7.113s]                  from [01m[K/home/jelly/ros2_ws/src/moveit2_scripts/src/test_trajectory2.cpp:1[m[K:
[7.113s] [01m[K/usr/include/c++/11/bits/shared_ptr.h:811:7:[m[K [01;36m[Knote: [m[Kcandidates are: â€˜[01m[Kstd::shared_ptr<const _Tp> std::enable_shared_from_this<_Tp>::shared_from_this() const [with _Tp = RobotController][m[Kâ€™
[7.113s]   811 |       [01;36m[Kshared_from_this[m[K() const
[7.113s]       |       [01;36m[K^~~~~~~~~~~~~~~~[m[K
[7.113s] [01m[K/usr/include/c++/11/bits/shared_ptr.h:807:7:[m[K [01;36m[Knote: [m[K                â€˜[01m[Kstd::shared_ptr<_Tp> std::enable_shared_from_this<_Tp>::shared_from_this() [with _Tp = RobotController][m[Kâ€™
[7.114s]   807 |       [01;36m[Kshared_from_this[m[K()
[7.114s]       |       [01;36m[K^~~~~~~~~~~~~~~~[m[K
[7.114s] [01m[K/usr/include/c++/11/bits/shared_ptr.h:811:7:[m[K [01;36m[Knote: [m[K                â€˜[01m[Kstd::shared_ptr<const _Tp> std::enable_shared_from_this<_Tp>::shared_from_this() const [with _Tp = rclcpp::Node][m[Kâ€™
[7.114s]   811 |       [01;36m[Kshared_from_this[m[K() const
[7.114s]       |       [01;36m[K^~~~~~~~~~~~~~~~[m[K
[7.114s] [01m[K/usr/include/c++/11/bits/shared_ptr.h:807:7:[m[K [01;36m[Knote: [m[K                â€˜[01m[Kstd::shared_ptr<_Tp> std::enable_shared_from_this<_Tp>::shared_from_this() [with _Tp = rclcpp::Node][m[Kâ€™
[7.114s]   807 |       [01;36m[Kshared_from_this[m[K()
[7.114s]       |       [01;36m[K^~~~~~~~~~~~~~~~[m[K
[13.543s] gmake[2]: *** [CMakeFiles/test_trajectory2.dir/build.make:76: CMakeFiles/test_trajectory2.dir/src/test_trajectory2.cpp.o] Error 1
[13.544s] gmake[1]: *** [CMakeFiles/Makefile2:167: CMakeFiles/test_trajectory2.dir/all] Error 2
[13.544s] gmake: *** [Makefile:146: all] Error 2
[13.548s] Invoked command in '/home/jelly/ros2_ws/build/moveit2_scripts' returned '2': CMAKE_PREFIX_PATH=${CMAKE_PREFIX_PATH}:/home/jelly/ros2_ws/install/mycobot_real_moveit:/home/jelly/ros2_ws/install/mycobot_280:/home/jelly/ros2_ws/install/my_moveit2_package:/opt/ros/humble /usr/bin/cmake --build /home/jelly/ros2_ws/build/moveit2_scripts -- -j4 -l4
