[  5%] [32mBuilding CXX object examples/CMakeFiles/result.dir/result.cpp.o[0m
[ 10%] [32mBuilding CXX object examples/CMakeFiles/maybe_error.dir/maybe_error.cpp.o[0m
[ 15%] [32mBuilding CXX object examples/CMakeFiles/validate_in.dir/validate_in.cpp.o[0m
[ 20%] [32mBuilding CXX object examples/CMakeFiles/no_discard.dir/no_discard.cpp.o[0m
[ 25%] [32m[1mLinking CXX executable no_discard[0m
[ 30%] [32m[1mLinking CXX executable validate_in[0m
[ 30%] Built target no_discard
[ 35%] [32mBuilding CXX object examples/CMakeFiles/validate_range.dir/validate_range.cpp.o[0m
[ 40%] [32m[1mLinking CXX executable maybe_error[0m
[ 40%] Built target validate_in
[ 45%] [32mBuilding CXX object gtest/CMakeFiles/gtest_main.dir/src/gtest_main.cc.o[0m
[ 45%] Built target maybe_error
[ 50%] [32mBuilding CXX object gtest/CMakeFiles/gtest.dir/src/gtest-all.cc.o[0m
[ 55%] [32m[1mLinking CXX executable result[0m
[ 55%] Built target result
[ 60%] [32m[1mLinking CXX static library libgtest_main.a[0m
[ 60%] Built target gtest_main
[ 65%] [32m[1mLinking CXX executable validate_range[0m
[ 65%] Built target validate_range
gmake[2]: *** [gtest/CMakeFiles/gtest.dir/build.make:76: gtest/CMakeFiles/gtest.dir/src/gtest-all.cc.o] Interrupt
gmake[1]: *** [CMakeFiles/Makefile2:411: gtest/CMakeFiles/gtest.dir/all] Interrupt
gmake: *** [Makefile:146: all] Interrupt
