[0.066s] Invoking command in '/home/jelly/ros2_ws/build/moveit2_scripts': CMAKE_PREFIX_PATH=${CMAKE_PREFIX_PATH}:/home/jelly/ros2_ws/install/mycobot_real_moveit:/home/jelly/ros2_ws/install/mycobot_280:/home/jelly/ros2_ws/install/my_moveit2_package:/opt/ros/humble /usr/bin/cmake --build /home/jelly/ros2_ws/build/moveit2_scripts -- -j4 -l4
[0.240s] [35m[1mConsolidate compiler generated dependencies of target test_trajectory2[0m
[0.377s] [ 33%] Built target position_publisher
[0.389s] [ 50%] [32mBuilding CXX object CMakeFiles/test_trajectory2.dir/src/test_trajectory2.cpp.o[0m
[0.404s] [ 83%] Built target test_trajectory
[7.844s] [01m[K/home/jelly/ros2_ws/src/moveit2_scripts/src/test_trajectory2.cpp:72:61:[m[K [01;31m[Kerror: [m[Kâ€˜[01m[Kmove_group_node[m[Kâ€™ has not been declared
[7.844s]    72 |   moveit::planning_interface::MoveGroupInterface move_group([01;31m[Kmove_group_node[m[K,
[7.844s]       |                                                             [01;31m[K^~~~~~~~~~~~~~~[m[K
[7.845s] [01m[K/home/jelly/ros2_ws/src/moveit2_scripts/src/test_trajectory2.cpp:73:61:[m[K [01;31m[Kerror: [m[Kexpected identifier before string constant
[7.845s]    73 |                                                             [01;31m[K"arm_group"[m[K);
[7.845s]       |                                                             [01;31m[K^~~~~~~~~~~[m[K
[7.845s] [01m[K/home/jelly/ros2_ws/src/moveit2_scripts/src/test_trajectory2.cpp:73:61:[m[K [01;31m[Kerror: [m[Kexpected â€˜[01m[K,[m[Kâ€™ or â€˜[01m[K...[m[Kâ€™ before string constant
[7.845s] [01m[K/home/jelly/ros2_ws/src/moveit2_scripts/src/test_trajectory2.cpp:[m[K In constructor â€˜[01m[KRobotController::RobotController()[m[Kâ€™:
[7.845s] [01m[K/home/jelly/ros2_ws/src/moveit2_scripts/src/test_trajectory2.cpp:15:49:[m[K [01;31m[Kerror: [m[Kclass â€˜[01m[KRobotController[m[Kâ€™ does not have any field named â€˜[01m[Kmove_group[m[Kâ€™
[7.845s]    15 |   RobotController() : Node("robot_controller"), [01;31m[Kmove_group[m[K("arm_group") {
[7.846s]       |                                                 [01;31m[K^~~~~~~~~~[m[K
[7.865s] [01m[K/home/jelly/ros2_ws/src/moveit2_scripts/src/test_trajectory2.cpp:[m[K In member function â€˜[01m[Kvoid RobotController::moveToPosition(const std::vector<float>&) const[m[Kâ€™:
[7.865s] [01m[K/home/jelly/ros2_ws/src/moveit2_scripts/src/test_trajectory2.cpp:58:5:[m[K [01;31m[Kerror: [m[Kinvalid use of member function â€˜[01m[Kmoveit::planning_interface::MoveGroupInterface RobotController::move_group(int, int)[m[Kâ€™ (did you forget the â€˜[01m[K()[m[Kâ€™ ?)
[7.866s]    58 |     [01;31m[Kmove_group[m[K.setPoseTarget(target_pose);
[7.866s]       |     [01;31m[K^~~~~~~~~~[m[K
[7.866s] [01m[K/home/jelly/ros2_ws/src/moveit2_scripts/src/test_trajectory2.cpp:61:21:[m[K [01;31m[Kerror: [m[Kinvalid use of member function â€˜[01m[Kmoveit::planning_interface::MoveGroupInterface RobotController::move_group(int, int)[m[Kâ€™ (did you forget the â€˜[01m[K()[m[Kâ€™ ?)
[7.866s]    61 |     bool success = ([01;31m[Kmove_group[m[K.plan(my_plan) == moveit::core::MoveItErrorCode::SUCCESS);
[7.866s]       |                     [01;31m[K^~~~~~~~~~[m[K
[7.866s] [01m[K/home/jelly/ros2_ws/src/moveit2_scripts/src/test_trajectory2.cpp:61:32:[m[K [01;31m[Kerror: [m[Kexpected â€˜[01m[K)[m[Kâ€™ before â€˜[01m[Kplan[m[Kâ€™
[7.866s]    61 |     bool success = (move_group.[01;31m[Kplan[m[K(my_plan) == moveit::core::MoveItErrorCode::SUCCESS);
[7.867s]       |                                [01;31m[K^~~~[m[K
[7.867s] [01m[K/home/jelly/ros2_ws/src/moveit2_scripts/src/test_trajectory2.cpp:61:20:[m[K [01;36m[Knote: [m[Kto match this â€˜[01m[K([m[Kâ€™
[7.867s]    61 |     bool success = [01;36m[K([m[Kmove_group.plan(my_plan) == moveit::core::MoveItErrorCode::SUCCESS);
[7.867s]       |                    [01;36m[K^[m[K
[7.867s] [01m[K/home/jelly/ros2_ws/src/moveit2_scripts/src/test_trajectory2.cpp:64:7:[m[K [01;31m[Kerror: [m[Kinvalid use of member function â€˜[01m[Kmoveit::planning_interface::MoveGroupInterface RobotController::move_group(int, int)[m[Kâ€™ (did you forget the â€˜[01m[K()[m[Kâ€™ ?)
[7.867s]    64 |       [01;31m[Kmove_group[m[K.execute(my_plan);
[7.867s]       |       [01;31m[K^~~~~~~~~~[m[K
[14.187s] gmake[2]: *** [CMakeFiles/test_trajectory2.dir/build.make:76: CMakeFiles/test_trajectory2.dir/src/test_trajectory2.cpp.o] Error 1
[14.187s] gmake[1]: *** [CMakeFiles/Makefile2:167: CMakeFiles/test_trajectory2.dir/all] Error 2
[14.187s] gmake: *** [Makefile:146: all] Error 2
[14.190s] Invoked command in '/home/jelly/ros2_ws/build/moveit2_scripts' returned '2': CMAKE_PREFIX_PATH=${CMAKE_PREFIX_PATH}:/home/jelly/ros2_ws/install/mycobot_real_moveit:/home/jelly/ros2_ws/install/mycobot_280:/home/jelly/ros2_ws/install/my_moveit2_package:/opt/ros/humble /usr/bin/cmake --build /home/jelly/ros2_ws/build/moveit2_scripts -- -j4 -l4
