[0.026s] Invoking command in '/home/jelly/ros2_ws/build/moveit2_scripts': CMAKE_PREFIX_PATH=${CMAKE_PREFIX_PATH}:/home/jelly/ros2_ws/install/mycobot_real_moveit:/home/jelly/ros2_ws/install/mycobot_280:/home/jelly/ros2_ws/install/my_moveit2_package:/opt/ros/humble /usr/bin/cmake --build /home/jelly/ros2_ws/build/moveit2_scripts -- -j4 -l4
[0.210s] [35m[1mConsolidate compiler generated dependencies of target test_trajectory2[0m
[0.284s] [ 33%] Built target test_trajectory
[0.369s] [ 50%] [32mBuilding CXX object CMakeFiles/test_trajectory2.dir/src/test_trajectory2.cpp.o[0m
[0.416s] [ 83%] Built target position_publisher
[7.947s] [01m[K/home/jelly/ros2_ws/src/moveit2_scripts/src/test_trajectory2.cpp:22:1:[m[K [01;31m[Kerror: [m[Kexpected unqualified-id before â€˜[01m[Kprivate[m[Kâ€™
[7.948s]    22 | [01;31m[Kprivate[m[K:
[7.948s]       | [01;31m[K^~~~~~~[m[K
[7.948s] [01m[K/home/jelly/ros2_ws/src/moveit2_scripts/src/test_trajectory2.cpp:34:69:[m[K [01;31m[Kerror: [m[Knon-member function â€˜[01m[Kstd::vector<float> parsePosition(const string&)[m[Kâ€™ cannot have cv-qualifier
[7.949s]    34 |   std::vector<float> parsePosition(const std::string& position_str) [01;31m[Kconst[m[K {
[7.949s]       |                                                                     [01;31m[K^~~~~[m[K
[7.949s] In file included from [01m[K/opt/ros/humble/include/moveit/kinematics_base/kinematics_base.h:42[m[K,
[7.949s]                  from [01m[K/opt/ros/humble/include/moveit/robot_model/joint_model_group.h:42[m[K,
[7.949s]                  from [01m[K/opt/ros/humble/include/moveit/robot_model/robot_model.h:45[m[K,
[7.950s]                  from [01m[K/opt/ros/humble/include/moveit/robot_state/robot_state.h:40[m[K,
[7.950s]                  from [01m[K/opt/ros/humble/include/moveit/move_group_interface/move_group_interface.h:41[m[K,
[7.950s]                  from [01m[K/home/jelly/ros2_ws/src/moveit2_scripts/src/test_trajectory2.cpp:1[m[K:
[7.950s] [01m[K/home/jelly/ros2_ws/src/moveit2_scripts/src/test_trajectory2.cpp:[m[K In function â€˜[01m[Kstd::vector<float> parsePosition(const string&)[m[Kâ€™:
[7.950s] [01m[K/home/jelly/ros2_ws/src/moveit2_scripts/src/test_trajectory2.cpp:42:22:[m[K [01;31m[Kerror: [m[Kinvalid use of â€˜[01m[Kthis[m[Kâ€™ in non-member function
[7.951s]    42 |         RCLCPP_ERROR([01;31m[Kthis[m[K->get_logger(), "Invalid argument: %s", e.what());
[7.951s]       |                      [01;31m[K^~~~[m[K
[7.952s] [01m[K/home/jelly/ros2_ws/src/moveit2_scripts/src/test_trajectory2.cpp:42:22:[m[K [01;31m[Kerror: [m[Kinvalid use of â€˜[01m[Kthis[m[Kâ€™ in non-member function
[7.952s] [01m[K/home/jelly/ros2_ws/src/moveit2_scripts/src/test_trajectory2.cpp:42:9:[m[K [01;31m[Kerror: [m[Ktemplate argument 1 is invalid
[7.953s]    42 |         [01;31m[KRCLCPP_ERROR[m[K(this->get_logger(), "Invalid argument: %s", e.what());
[7.953s]       |         [01;31m[K^~~~~~~~~~~~[m[K
[7.953s] [01m[K/home/jelly/ros2_ws/src/moveit2_scripts/src/test_trajectory2.cpp:42:9:[m[K [01;31m[Kerror: [m[Ktemplate argument 1 is invalid
[7.953s]    42 |         [01;31m[KRCLCPP_ERROR[m[K(this->get_logger(), "Invalid argument: %s", e.what());
[7.953s]       |         [01;31m[K^~~~~~~~~~~~[m[K
[7.953s] [01m[K/home/jelly/ros2_ws/src/moveit2_scripts/src/test_trajectory2.cpp:42:9:[m[K [01;31m[Kerror: [m[Ktemplate argument 1 is invalid
[7.953s]    42 |         [01;31m[KRCLCPP_ERROR[m[K(this->get_logger(), "Invalid argument: %s", e.what());
[7.953s]       |         [01;31m[K^~~~~~~~~~~~[m[K
[7.953s] In file included from [01m[K/opt/ros/humble/include/rclcpp/rclcpp/logging.hpp:24[m[K,
[7.953s]                  from [01m[K/opt/ros/humble/include/moveit/kinematics_base/kinematics_base.h:42[m[K,
[7.954s]                  from [01m[K/opt/ros/humble/include/moveit/robot_model/joint_model_group.h:42[m[K,
[7.954s]                  from [01m[K/opt/ros/humble/include/moveit/robot_model/robot_model.h:45[m[K,
[7.954s]                  from [01m[K/opt/ros/humble/include/moveit/robot_state/robot_state.h:40[m[K,
[7.955s]                  from [01m[K/opt/ros/humble/include/moveit/move_group_interface/move_group_interface.h:41[m[K,
[7.955s]                  from [01m[K/home/jelly/ros2_ws/src/moveit2_scripts/src/test_trajectory2.cpp:1[m[K:
[7.955s] [01m[K/home/jelly/ros2_ws/src/moveit2_scripts/src/test_trajectory2.cpp:42:22:[m[K [01;31m[Kerror: [m[Kinvalid use of â€˜[01m[Kthis[m[Kâ€™ in non-member function
[7.956s]    42 |         RCLCPP_ERROR([01;31m[Kthis[m[K->get_logger(), "Invalid argument: %s", e.what());
[7.956s]       |                      [01;31m[K^~~~[m[K
[7.956s] [01m[K/home/jelly/ros2_ws/src/moveit2_scripts/src/test_trajectory2.cpp:42:22:[m[K [01;31m[Kerror: [m[Kinvalid use of â€˜[01m[Kthis[m[Kâ€™ in non-member function
[7.956s]    42 |         RCLCPP_ERROR([01;31m[Kthis[m[K->get_logger(), "Invalid argument: %s", e.what());
[7.957s]       |                      [01;31m[K^~~~[m[K
[7.957s] In file included from [01m[K/opt/ros/humble/include/moveit/kinematics_base/kinematics_base.h:42[m[K,
[7.957s]                  from [01m[K/opt/ros/humble/include/moveit/robot_model/joint_model_group.h:42[m[K,
[7.957s]                  from [01m[K/opt/ros/humble/include/moveit/robot_model/robot_model.h:45[m[K,
[7.957s]                  from [01m[K/opt/ros/humble/include/moveit/robot_state/robot_state.h:40[m[K,
[7.957s]                  from [01m[K/opt/ros/humble/include/moveit/move_group_interface/move_group_interface.h:41[m[K,
[7.957s]                  from [01m[K/home/jelly/ros2_ws/src/moveit2_scripts/src/test_trajectory2.cpp:1[m[K:
[7.959s] [01m[K/home/jelly/ros2_ws/src/moveit2_scripts/src/test_trajectory2.cpp:45:22:[m[K [01;31m[Kerror: [m[Kinvalid use of â€˜[01m[Kthis[m[Kâ€™ in non-member function
[7.959s]    45 |         RCLCPP_ERROR([01;31m[Kthis[m[K->get_logger(), "Out of range: %s", e.what());
[7.959s]       |                      [01;31m[K^~~~[m[K
[7.959s] [01m[K/home/jelly/ros2_ws/src/moveit2_scripts/src/test_trajectory2.cpp:45:22:[m[K [01;31m[Kerror: [m[Kinvalid use of â€˜[01m[Kthis[m[Kâ€™ in non-member function
[7.959s] [01m[K/home/jelly/ros2_ws/src/moveit2_scripts/src/test_trajectory2.cpp:45:9:[m[K [01;31m[Kerror: [m[Ktemplate argument 1 is invalid
[7.963s]    45 |         [01;31m[KRCLCPP_ERROR[m[K(this->get_logger(), "Out of range: %s", e.what());
[7.963s]       |         [01;31m[K^~~~~~~~~~~~[m[K
[7.963s] [01m[K/home/jelly/ros2_ws/src/moveit2_scripts/src/test_trajectory2.cpp:45:9:[m[K [01;31m[Kerror: [m[Ktemplate argument 1 is invalid
[7.963s]    45 |         [01;31m[KRCLCPP_ERROR[m[K(this->get_logger(), "Out of range: %s", e.what());
[7.963s]       |         [01;31m[K^~~~~~~~~~~~[m[K
[7.964s] [01m[K/home/jelly/ros2_ws/src/moveit2_scripts/src/test_trajectory2.cpp:45:9:[m[K [01;31m[Kerror: [m[Ktemplate argument 1 is invalid
[7.964s]    45 |         [01;31m[KRCLCPP_ERROR[m[K(this->get_logger(), "Out of range: %s", e.what());
[7.964s]       |         [01;31m[K^~~~~~~~~~~~[m[K
[7.965s] In file included from [01m[K/opt/ros/humble/include/rclcpp/rclcpp/logging.hpp:24[m[K,
[7.965s]                  from [01m[K/opt/ros/humble/include/moveit/kinematics_base/kinematics_base.h:42[m[K,
[7.965s]                  from [01m[K/opt/ros/humble/include/moveit/robot_model/joint_model_group.h:42[m[K,
[7.965s]                  from [01m[K/opt/ros/humble/include/moveit/robot_model/robot_model.h:45[m[K,
[7.965s]                  from [01m[K/opt/ros/humble/include/moveit/robot_state/robot_state.h:40[m[K,
[7.965s]                  from [01m[K/opt/ros/humble/include/moveit/move_group_interface/move_group_interface.h:41[m[K,
[7.965s]                  from [01m[K/home/jelly/ros2_ws/src/moveit2_scripts/src/test_trajectory2.cpp:1[m[K:
[7.966s] [01m[K/home/jelly/ros2_ws/src/moveit2_scripts/src/test_trajectory2.cpp:45:22:[m[K [01;31m[Kerror: [m[Kinvalid use of â€˜[01m[Kthis[m[Kâ€™ in non-member function
[7.966s]    45 |         RCLCPP_ERROR([01;31m[Kthis[m[K->get_logger(), "Out of range: %s", e.what());
[7.966s]       |                      [01;31m[K^~~~[m[K
[7.966s] [01m[K/home/jelly/ros2_ws/src/moveit2_scripts/src/test_trajectory2.cpp:45:22:[m[K [01;31m[Kerror: [m[Kinvalid use of â€˜[01m[Kthis[m[Kâ€™ in non-member function
[7.966s]    45 |         RCLCPP_ERROR([01;31m[Kthis[m[K->get_logger(), "Out of range: %s", e.what());
[7.966s]       |                      [01;31m[K^~~~[m[K
[8.025s] [01m[K/home/jelly/ros2_ws/src/moveit2_scripts/src/test_trajectory2.cpp:[m[K At global scope:
[8.025s] [01m[K/home/jelly/ros2_ws/src/moveit2_scripts/src/test_trajectory2.cpp:53:1:[m[K [01;31m[Kerror: [m[Kexpected declaration before â€˜[01m[K}[m[Kâ€™ token
[8.025s]    53 | [01;31m[K}[m[K;
[8.025s]       | [01;31m[K^[m[K
[11.803s] gmake[2]: *** [CMakeFiles/test_trajectory2.dir/build.make:76: CMakeFiles/test_trajectory2.dir/src/test_trajectory2.cpp.o] Error 1
[11.804s] gmake[1]: *** [CMakeFiles/Makefile2:167: CMakeFiles/test_trajectory2.dir/all] Error 2
[11.804s] gmake: *** [Makefile:146: all] Error 2
[11.807s] Invoked command in '/home/jelly/ros2_ws/build/moveit2_scripts' returned '2': CMAKE_PREFIX_PATH=${CMAKE_PREFIX_PATH}:/home/jelly/ros2_ws/install/mycobot_real_moveit:/home/jelly/ros2_ws/install/mycobot_280:/home/jelly/ros2_ws/install/my_moveit2_package:/opt/ros/humble /usr/bin/cmake --build /home/jelly/ros2_ws/build/moveit2_scripts -- -j4 -l4
