[0.035s] Invoking command in '/home/jelly/ros2_ws/build/moveit2_scripts': CMAKE_PREFIX_PATH=${CMAKE_PREFIX_PATH}:/home/jelly/ros2_ws/install/mycobot_real_moveit:/home/jelly/ros2_ws/install/mycobot_280:/home/jelly/ros2_ws/install/my_moveit2_package:/opt/ros/humble /usr/bin/cmake --build /home/jelly/ros2_ws/build/moveit2_scripts -- -j4 -l4
[0.182s] [35m[1mConsolidate compiler generated dependencies of target test_trajectory2[0m
[0.251s] [ 33%] Built target position_publisher
[0.292s] [ 50%] [32mBuilding CXX object CMakeFiles/test_trajectory2.dir/src/test_trajectory2.cpp.o[0m
[0.292s] [ 83%] Built target test_trajectory
[7.869s] [01m[K/home/jelly/ros2_ws/src/moveit2_scripts/src/test_trajectory2.cpp:[m[K In member function â€˜[01m[Kvoid PositionListener::positionCallback(std_msgs::msg::String_<std::allocator<void> >::SharedPtr) const[m[Kâ€™:
[7.870s] [01m[K/home/jelly/ros2_ws/src/moveit2_scripts/src/test_trajectory2.cpp:35:3:[m[K [01;31m[Kerror: [m[Kâ€˜[01m[Kmove_group[m[Kâ€™ was not declared in this scope
[7.870s]    35 |   [01;31m[Kmove_group[m[K.setPoseTarget(target_pose);
[7.870s]       |   [01;31m[K^~~~~~~~~~[m[K
[7.880s] In file included from [01m[K/opt/ros/humble/include/moveit/kinematics_base/kinematics_base.h:42[m[K,
[7.880s]                  from [01m[K/opt/ros/humble/include/moveit/robot_model/joint_model_group.h:42[m[K,
[7.880s]                  from [01m[K/opt/ros/humble/include/moveit/robot_model/robot_model.h:45[m[K,
[7.881s]                  from [01m[K/opt/ros/humble/include/moveit/robot_state/robot_state.h:40[m[K,
[7.881s]                  from [01m[K/opt/ros/humble/include/moveit/move_group_interface/move_group_interface.h:41[m[K,
[7.881s]                  from [01m[K/home/jelly/ros2_ws/src/moveit2_scripts/src/test_trajectory2.cpp:1[m[K:
[7.881s] [01m[K/home/jelly/ros2_ws/src/moveit2_scripts/src/test_trajectory2.cpp:42:15:[m[K [01;31m[Kerror: [m[Kâ€˜[01m[KLOGGER[m[Kâ€™ was not declared in this scope
[7.881s]    42 |   RCLCPP_INFO([01;31m[KLOGGER[m[K, "Going to Position 2");
[7.881s]       |               [01;31m[K^~~~~~[m[K
[7.882s] [01m[K/home/jelly/ros2_ws/src/moveit2_scripts/src/test_trajectory2.cpp:42:3:[m[K [01;31m[Kerror: [m[Ktemplate argument 1 is invalid
[7.882s]    42 |   [01;31m[KRCLCPP_INFO[m[K(LOGGER, "Going to Position 2");
[7.882s]       |   [01;31m[K^~~~~~~~~~~[m[K
[7.882s] [01m[K/home/jelly/ros2_ws/src/moveit2_scripts/src/test_trajectory2.cpp:42:3:[m[K [01;31m[Kerror: [m[Ktemplate argument 1 is invalid
[7.882s]    42 |   [01;31m[KRCLCPP_INFO[m[K(LOGGER, "Going to Position 2");
[7.882s]       |   [01;31m[K^~~~~~~~~~~[m[K
[7.882s] [01m[K/home/jelly/ros2_ws/src/moveit2_scripts/src/test_trajectory2.cpp:42:3:[m[K [01;31m[Kerror: [m[Ktemplate argument 1 is invalid
[7.882s]    42 |   [01;31m[KRCLCPP_INFO[m[K(LOGGER, "Going to Position 2");
[7.882s]       |   [01;31m[K^~~~~~~~~~~[m[K
[7.882s] [01m[K/home/jelly/ros2_ws/src/moveit2_scripts/src/test_trajectory2.cpp:39:8:[m[K [01;35m[Kwarning: [m[Kunused variable â€˜[01m[Ksuccess[m[Kâ€™ [[01;35m[K]8;;https://gcc.gnu.org/onlinedocs/gcc/Warning-Options.html#index-Wunused-variable-Wunused-variable]8;;[m[K]
[7.882s]    39 |   bool [01;35m[Ksuccess[m[K =
[7.882s]       |        [01;35m[K^~~~~~~[m[K
[7.896s] [01m[K/home/jelly/ros2_ws/src/moveit2_scripts/src/test_trajectory2.cpp:[m[K In function â€˜[01m[Kint main(int, char**)[m[Kâ€™:
[7.896s] [01m[K/home/jelly/ros2_ws/src/moveit2_scripts/src/test_trajectory2.cpp:89:40:[m[K [01;35m[Kwarning: [m[Kunused variable â€˜[01m[Kjoint_model_group[m[Kâ€™ [[01;35m[K]8;;https://gcc.gnu.org/onlinedocs/gcc/Warning-Options.html#index-Wunused-variable-Wunused-variable]8;;[m[K]
[7.896s]    89 |   const moveit::core::JointModelGroup *[01;35m[Kjoint_model_group[m[K =
[7.896s]       |                                        [01;35m[K^~~~~~~~~~~~~~~~~[m[K
[14.261s] gmake[2]: *** [CMakeFiles/test_trajectory2.dir/build.make:76: CMakeFiles/test_trajectory2.dir/src/test_trajectory2.cpp.o] Error 1
[14.261s] gmake[1]: *** [CMakeFiles/Makefile2:167: CMakeFiles/test_trajectory2.dir/all] Error 2
[14.261s] gmake: *** [Makefile:146: all] Error 2
[14.264s] Invoked command in '/home/jelly/ros2_ws/build/moveit2_scripts' returned '2': CMAKE_PREFIX_PATH=${CMAKE_PREFIX_PATH}:/home/jelly/ros2_ws/install/mycobot_real_moveit:/home/jelly/ros2_ws/install/mycobot_280:/home/jelly/ros2_ws/install/my_moveit2_package:/opt/ros/humble /usr/bin/cmake --build /home/jelly/ros2_ws/build/moveit2_scripts -- -j4 -l4
