-- Found ament_cmake: 1.3.9 (/opt/ros/humble/share/ament_cmake/cmake)
-- Override CMake install command with custom implementation using symlinks instead of copying resources
-- Found rclcpp: 16.0.9 (/opt/ros/humble/share/rclcpp/cmake)
-- Found rosidl_generator_c: 3.1.5 (/opt/ros/humble/share/rosidl_generator_c/cmake)
-- Found rosidl_adapter: 3.1.5 (/opt/ros/humble/share/rosidl_adapter/cmake)
-- Found rosidl_generator_cpp: 3.1.5 (/opt/ros/humble/share/rosidl_generator_cpp/cmake)
-- Using all available rosidl_typesupport_c: rosidl_typesupport_fastrtps_c;rosidl_typesupport_introspection_c
-- Using all available rosidl_typesupport_cpp: rosidl_typesupport_fastrtps_cpp;rosidl_typesupport_introspection_cpp
-- Found rmw_implementation_cmake: 6.1.2 (/opt/ros/humble/share/rmw_implementation_cmake/cmake)
-- Found rmw_fastrtps_cpp: 6.2.6 (/opt/ros/humble/share/rmw_fastrtps_cpp/cmake)
-- Using RMW implementation 'rmw_fastrtps_cpp' as default
-- Found rclcpp_action: 16.0.9 (/opt/ros/humble/share/rclcpp_action/cmake)
-- Found moveit_core: 2.5.5 (/opt/ros/humble/share/moveit_core/cmake)
-- Found Boost: /usr/lib/x86_64-linux-gnu/cmake/Boost-1.74.0/BoostConfig.cmake (found version "1.74.0") found components: chrono date_time filesystem iostreams program_options regex serialization system thread 
-- Found parameter_traits: 0.3.8 (/opt/ros/humble/share/parameter_traits/cmake)
-- Found rclcpp_lifecycle: 16.0.9 (/opt/ros/humble/share/rclcpp_lifecycle/cmake)
-- Found Boost: /usr/lib/x86_64-linux-gnu/cmake/Boost-1.74.0/BoostConfig.cmake (found version "1.74.0") found components: filesystem 
-- library: /usr/lib/x86_64-linux-gnu/libcurl.so
-- Ensuring Eigen3 include directory is part of orocos-kdl CMake target
-- Found moveit_ros_planning: 2.5.5 (/opt/ros/humble/share/moveit_ros_planning/cmake)
-- Found Boost: /usr/lib/x86_64-linux-gnu/cmake/Boost-1.74.0/BoostConfig.cmake (found version "1.74.0") found components: system filesystem date_time program_options thread chrono 
-- Found moveit_ros_planning_interface: 2.5.5 (/opt/ros/humble/share/moveit_ros_planning_interface/cmake)
-- Found Boost: /usr/lib/x86_64-linux-gnu/cmake/Boost-1.74.0/BoostConfig.cmake (found version "1.74.0") found components: date_time filesystem program_options system thread 
-- Found Boost: /usr/lib/x86_64-linux-gnu/cmake/Boost-1.74.0/BoostConfig.cmake (found version "1.74.0") found components: thread system filesystem regex date_time program_options 
-- Found Boost: /usr/lib/x86_64-linux-gnu/cmake/Boost-1.74.0/BoostConfig.cmake (found version "1.74.0") found components: system filesystem date_time program_options thread 
-- Found interactive_markers: 2.3.2 (/opt/ros/humble/share/interactive_markers/cmake)
-- Found control_msgs: 4.6.0 (/opt/ros/humble/share/control_msgs/cmake)
-- Found ament_lint_auto: 0.12.11 (/opt/ros/humble/share/ament_lint_auto/cmake)
-- Added test 'cppcheck' to perform static code analysis on C / C++ code
-- Configured cppcheck include dirs: 
-- Configured cppcheck exclude dirs and/or files: 
-- Added test 'flake8' to check Python code syntax and style conventions
-- Added test 'lint_cmake' to check CMake code style
-- Added test 'pep257' to check Python code against some of the docstring style conventions in PEP 257
-- Added test 'uncrustify' to check C / C++ code style
-- Configured uncrustify additional arguments: 
-- Added test 'xmllint' to check XML markup files
-- Configuring done
-- Generating done
-- Build files have been written to: /home/jelly/ros2_ws/build/moveit2_scripts
[35m[1mConsolidate compiler generated dependencies of target test_trajectory[0m
[35m[1mConsolidate compiler generated dependencies of target test_trajectory2[0m
[ 16%] [32mBuilding CXX object CMakeFiles/position_publisher.dir/src/position_publisher.cpp.o[0m
[ 50%] Built target test_trajectory
[ 83%] Built target test_trajectory2
[01m[K/home/jelly/ros2_ws/src/moveit2_scripts/src/position_publisher.cpp:19:2:[m[K [01;31m[Kerror: [m[Kexpected â€˜[01m[K}[m[Kâ€™ at end of input
   19 | }
      |  [01;31m[K^[m[K
[01m[K/home/jelly/ros2_ws/src/moveit2_scripts/src/position_publisher.cpp:5:47:[m[K [01;36m[Knote: [m[Kto match this â€˜[01m[K{[m[Kâ€™
    5 | class PositionPublisher : public rclcpp::Node [01;36m[K{[m[K
      |                                               [01;36m[K^[m[K
[01m[K/home/jelly/ros2_ws/src/moveit2_scripts/src/position_publisher.cpp:[m[K In constructor â€˜[01m[KPositionPublisher::PositionPublisher()[m[Kâ€™:
[01m[K/home/jelly/ros2_ws/src/moveit2_scripts/src/position_publisher.cpp:8:9:[m[K [01;31m[Kerror: [m[Kâ€˜[01m[Kpublisher_[m[Kâ€™ was not declared in this scope; did you mean â€˜[01m[Krmw_publisher_t[m[Kâ€™?
    8 |         [01;31m[Kpublisher_[m[K = this->create_publisher<std_msgs::msg::String>("position_topic", 10);
      |         [01;31m[K^~~~~~~~~~[m[K
      |         [32m[Krmw_publisher_t[m[K
[01m[K/home/jelly/ros2_ws/src/moveit2_scripts/src/position_publisher.cpp:9:9:[m[K [01;31m[Kerror: [m[Kâ€˜[01m[Ktimer_[m[Kâ€™ was not declared in this scope; did you mean â€˜[01m[Ktimer_t[m[Kâ€™?
    9 |         [01;31m[Ktimer_[m[K = this->create_wall_timer(
      |         [01;31m[K^~~~~~[m[K
      |         [32m[Ktimer_t[m[K
[01m[K/home/jelly/ros2_ws/src/moveit2_scripts/src/position_publisher.cpp:10:13:[m[K [01;31m[Kerror: [m[Kunable to find numeric literal operator â€˜[01m[Koperator""ms[m[Kâ€™
   10 |             [01;31m[K500ms[m[K, std::bind(&PositionPublisher::publishPosition, this));
      |             [01;31m[K^~~~~[m[K
[01m[K/home/jelly/ros2_ws/src/moveit2_scripts/src/position_publisher.cpp:10:50:[m[K [01;31m[Kerror: [m[Kâ€˜[01m[KpublishPosition[m[Kâ€™ is not a member of â€˜[01m[KPositionPublisher[m[Kâ€™
   10 |             500ms, std::bind(&PositionPublisher::[01;31m[KpublishPosition[m[K, this));
      |                                                  [01;31m[K^~~~~~~~~~~~~~~[m[K
[01m[K/home/jelly/ros2_ws/src/moveit2_scripts/src/position_publisher.cpp:[m[K At global scope:
[01m[K/home/jelly/ros2_ws/src/moveit2_scripts/src/position_publisher.cpp:19:2:[m[K [01;31m[Kerror: [m[Kexpected unqualified-id at end of input
   19 | }
      |  [01;31m[K^[m[K
gmake[2]: *** [CMakeFiles/position_publisher.dir/build.make:76: CMakeFiles/position_publisher.dir/src/position_publisher.cpp.o] Error 1
gmake[1]: *** [CMakeFiles/Makefile2:193: CMakeFiles/position_publisher.dir/all] Error 2
gmake: *** [Makefile:146: all] Error 2
