[0.053s] Invoking command in '/home/jelly/ros2_ws/build/moveit2_scripts': CMAKE_PREFIX_PATH=${CMAKE_PREFIX_PATH}:/home/jelly/ros2_ws/install/mycobot_real_moveit:/home/jelly/ros2_ws/install/mycobot_280:/home/jelly/ros2_ws/install/my_moveit2_package:/opt/ros/humble /usr/bin/cmake --build /home/jelly/ros2_ws/build/moveit2_scripts -- -j4 -l4
[0.128s] -- Found ament_cmake: 1.3.9 (/opt/ros/humble/share/ament_cmake/cmake)
[0.468s] -- Override CMake install command with custom implementation using symlinks instead of copying resources
[0.487s] -- Found rclcpp: 16.0.9 (/opt/ros/humble/share/rclcpp/cmake)
[0.559s] -- Found rosidl_generator_c: 3.1.5 (/opt/ros/humble/share/rosidl_generator_c/cmake)
[0.561s] -- Found rosidl_adapter: 3.1.5 (/opt/ros/humble/share/rosidl_adapter/cmake)
[0.575s] -- Found rosidl_generator_cpp: 3.1.5 (/opt/ros/humble/share/rosidl_generator_cpp/cmake)
[0.624s] -- Using all available rosidl_typesupport_c: rosidl_typesupport_fastrtps_c;rosidl_typesupport_introspection_c
[0.678s] -- Using all available rosidl_typesupport_cpp: rosidl_typesupport_fastrtps_cpp;rosidl_typesupport_introspection_cpp
[0.827s] -- Found rmw_implementation_cmake: 6.1.2 (/opt/ros/humble/share/rmw_implementation_cmake/cmake)
[0.836s] -- Found rmw_fastrtps_cpp: 6.2.6 (/opt/ros/humble/share/rmw_fastrtps_cpp/cmake)
[1.140s] -- Using RMW implementation 'rmw_fastrtps_cpp' as default
[1.426s] -- Found rclcpp_action: 16.0.9 (/opt/ros/humble/share/rclcpp_action/cmake)
[1.570s] -- Found moveit_core: 2.5.5 (/opt/ros/humble/share/moveit_core/cmake)
[1.591s] -- Found Boost: /usr/lib/x86_64-linux-gnu/cmake/Boost-1.74.0/BoostConfig.cmake (found version "1.74.0") found components: chrono date_time filesystem iostreams program_options regex serialization system thread 
[1.603s] -- Found parameter_traits: 0.3.8 (/opt/ros/humble/share/parameter_traits/cmake)
[1.621s] -- Found rclcpp_lifecycle: 16.0.9 (/opt/ros/humble/share/rclcpp_lifecycle/cmake)
[1.688s] -- Found Boost: /usr/lib/x86_64-linux-gnu/cmake/Boost-1.74.0/BoostConfig.cmake (found version "1.74.0") found components: filesystem 
[1.817s] -- library: /usr/lib/x86_64-linux-gnu/libcurl.so
[2.281s] -- Ensuring Eigen3 include directory is part of orocos-kdl CMake target
[3.762s] -- Found moveit_ros_planning: 2.5.5 (/opt/ros/humble/share/moveit_ros_planning/cmake)
[3.770s] -- Found Boost: /usr/lib/x86_64-linux-gnu/cmake/Boost-1.74.0/BoostConfig.cmake (found version "1.74.0") found components: system filesystem date_time program_options thread chrono 
[4.443s] -- Found moveit_ros_planning_interface: 2.5.5 (/opt/ros/humble/share/moveit_ros_planning_interface/cmake)
[4.450s] -- Found Boost: /usr/lib/x86_64-linux-gnu/cmake/Boost-1.74.0/BoostConfig.cmake (found version "1.74.0") found components: date_time filesystem program_options system thread 
[4.752s] -- Found Boost: /usr/lib/x86_64-linux-gnu/cmake/Boost-1.74.0/BoostConfig.cmake (found version "1.74.0") found components: thread system filesystem regex date_time program_options 
[5.128s] -- Found Boost: /usr/lib/x86_64-linux-gnu/cmake/Boost-1.74.0/BoostConfig.cmake (found version "1.74.0") found components: system filesystem date_time program_options thread 
[5.800s] -- Found interactive_markers: 2.3.2 (/opt/ros/humble/share/interactive_markers/cmake)
[5.817s] -- Found control_msgs: 4.6.0 (/opt/ros/humble/share/control_msgs/cmake)
[6.138s] -- Found ament_lint_auto: 0.12.11 (/opt/ros/humble/share/ament_lint_auto/cmake)
[6.254s] -- Added test 'cppcheck' to perform static code analysis on C / C++ code
[6.254s] -- Configured cppcheck include dirs: 
[6.254s] -- Configured cppcheck exclude dirs and/or files: 
[6.254s] -- Added test 'flake8' to check Python code syntax and style conventions
[6.257s] -- Added test 'lint_cmake' to check CMake code style
[6.257s] -- Added test 'pep257' to check Python code against some of the docstring style conventions in PEP 257
[6.257s] -- Added test 'uncrustify' to check C / C++ code style
[6.257s] -- Configured uncrustify additional arguments: 
[6.257s] -- Added test 'xmllint' to check XML markup files
[6.276s] -- Configuring done
[6.332s] -- Generating done
[6.336s] -- Build files have been written to: /home/jelly/ros2_ws/build/moveit2_scripts
[6.387s] [35m[1mConsolidate compiler generated dependencies of target test_trajectory[0m
[6.391s] [35m[1mConsolidate compiler generated dependencies of target test_trajectory2[0m
[6.411s] [ 16%] [32mBuilding CXX object CMakeFiles/position_publisher.dir/src/position_publisher.cpp.o[0m
[6.430s] [ 50%] Built target test_trajectory
[6.435s] [ 83%] Built target test_trajectory2
[9.699s] [01m[K/home/jelly/ros2_ws/src/moveit2_scripts/src/position_publisher.cpp:19:2:[m[K [01;31m[Kerror: [m[Kexpected â€˜[01m[K}[m[Kâ€™ at end of input
[9.699s]    19 | }
[9.699s]       |  [01;31m[K^[m[K
[9.699s] [01m[K/home/jelly/ros2_ws/src/moveit2_scripts/src/position_publisher.cpp:5:47:[m[K [01;36m[Knote: [m[Kto match this â€˜[01m[K{[m[Kâ€™
[9.699s]     5 | class PositionPublisher : public rclcpp::Node [01;36m[K{[m[K
[9.699s]       |                                               [01;36m[K^[m[K
[9.711s] [01m[K/home/jelly/ros2_ws/src/moveit2_scripts/src/position_publisher.cpp:[m[K In constructor â€˜[01m[KPositionPublisher::PositionPublisher()[m[Kâ€™:
[9.711s] [01m[K/home/jelly/ros2_ws/src/moveit2_scripts/src/position_publisher.cpp:8:9:[m[K [01;31m[Kerror: [m[Kâ€˜[01m[Kpublisher_[m[Kâ€™ was not declared in this scope; did you mean â€˜[01m[Krmw_publisher_t[m[Kâ€™?
[9.711s]     8 |         [01;31m[Kpublisher_[m[K = this->create_publisher<std_msgs::msg::String>("position_topic", 10);
[9.711s]       |         [01;31m[K^~~~~~~~~~[m[K
[9.711s]       |         [32m[Krmw_publisher_t[m[K
[9.724s] [01m[K/home/jelly/ros2_ws/src/moveit2_scripts/src/position_publisher.cpp:9:9:[m[K [01;31m[Kerror: [m[Kâ€˜[01m[Ktimer_[m[Kâ€™ was not declared in this scope; did you mean â€˜[01m[Ktimer_t[m[Kâ€™?
[9.724s]     9 |         [01;31m[Ktimer_[m[K = this->create_wall_timer(
[9.725s]       |         [01;31m[K^~~~~~[m[K
[9.725s]       |         [32m[Ktimer_t[m[K
[9.725s] [01m[K/home/jelly/ros2_ws/src/moveit2_scripts/src/position_publisher.cpp:10:13:[m[K [01;31m[Kerror: [m[Kunable to find numeric literal operator â€˜[01m[Koperator""ms[m[Kâ€™
[9.725s]    10 |             [01;31m[K500ms[m[K, std::bind(&PositionPublisher::publishPosition, this));
[9.726s]       |             [01;31m[K^~~~~[m[K
[9.726s] [01m[K/home/jelly/ros2_ws/src/moveit2_scripts/src/position_publisher.cpp:10:50:[m[K [01;31m[Kerror: [m[Kâ€˜[01m[KpublishPosition[m[Kâ€™ is not a member of â€˜[01m[KPositionPublisher[m[Kâ€™
[9.726s]    10 |             500ms, std::bind(&PositionPublisher::[01;31m[KpublishPosition[m[K, this));
[9.726s]       |                                                  [01;31m[K^~~~~~~~~~~~~~~[m[K
[9.732s] [01m[K/home/jelly/ros2_ws/src/moveit2_scripts/src/position_publisher.cpp:[m[K At global scope:
[9.732s] [01m[K/home/jelly/ros2_ws/src/moveit2_scripts/src/position_publisher.cpp:19:2:[m[K [01;31m[Kerror: [m[Kexpected unqualified-id at end of input
[9.732s]    19 | }
[9.732s]       |  [01;31m[K^[m[K
[10.672s] gmake[2]: *** [CMakeFiles/position_publisher.dir/build.make:76: CMakeFiles/position_publisher.dir/src/position_publisher.cpp.o] Error 1
[10.673s] gmake[1]: *** [CMakeFiles/Makefile2:193: CMakeFiles/position_publisher.dir/all] Error 2
[10.673s] gmake: *** [Makefile:146: all] Error 2
[10.675s] Invoked command in '/home/jelly/ros2_ws/build/moveit2_scripts' returned '2': CMAKE_PREFIX_PATH=${CMAKE_PREFIX_PATH}:/home/jelly/ros2_ws/install/mycobot_real_moveit:/home/jelly/ros2_ws/install/mycobot_280:/home/jelly/ros2_ws/install/my_moveit2_package:/opt/ros/humble /usr/bin/cmake --build /home/jelly/ros2_ws/build/moveit2_scripts -- -j4 -l4
